2023-12-18 01:12:816 INFO  LoginPage :45 - Enter the user name [[ChromeDriver: chrome on windows (8df915d38761eba09eb8bfcd692e696d)] -> name: username]
2023-12-18 01:12:898 INFO  LoginPage :50 - Enter the password admin123
2023-12-18 01:12:969 INFO  LoginPage :55 - Clicking on login button [[ChromeDriver: chrome on windows (8df915d38761eba09eb8bfcd692e696d)] -> xpath: //button[@type='submit']]
2023-12-18 01:12:35 INFO  LoginPage :45 - Enter the user name [[ChromeDriver: chrome on windows (f36ccd0dcc1919e60d6e3f89bc8bee94)] -> name: username]
2023-12-18 01:12:114 INFO  LoginPage :50 - Enter the password admin123
2023-12-18 01:12:186 INFO  LoginPage :55 - Clicking on login button [[ChromeDriver: chrome on windows (f36ccd0dcc1919e60d6e3f89bc8bee94)] -> xpath: //button[@type='submit']]
2023-12-18 01:12:104 INFO  LoginPage :45 - Enter the user name [[ChromeDriver: chrome on windows (3d6a507eb57414508ef9af47f7ed1487)] -> name: username]
2023-12-18 01:12:198 INFO  LoginPage :50 - Enter the password admin123
2023-12-18 01:12:276 INFO  LoginPage :55 - Clicking on login button [[ChromeDriver: chrome on windows (3d6a507eb57414508ef9af47f7ed1487)] -> xpath: //button[@type='submit']]
2023-12-18 01:12:270 INFO  HomePage :43 - Clicking on user profile [[ChromeDriver: chrome on windows (3d6a507eb57414508ef9af47f7ed1487)] -> xpath: //p[@class='oxd-userdropdown-name']]
2023-12-18 01:12:76 INFO  HomePage :48 - Clicking on logout button [[ChromeDriver: chrome on windows (3d6a507eb57414508ef9af47f7ed1487)] -> xpath: //a[normalize-space()='Logout']]
2023-12-18 01:12:286 INFO  HomePage :33 - Verifying login text [[ChromeDriver: chrome on windows (3d6a507eb57414508ef9af47f7ed1487)] -> xpath: //h5[@class='oxd-text oxd-text--h5 orangehrm-login-title']]
2023-12-18 01:12:827 INFO  LoginPage :45 - Enter the user name [[ChromeDriver: chrome on windows (534b1f47e1f69dec7d5ef1435c125831)] -> name: username]
2023-12-18 01:12:894 INFO  LoginPage :50 - Enter the password 
2023-12-18 01:12:967 INFO  LoginPage :55 - Clicking on login button [[ChromeDriver: chrome on windows (534b1f47e1f69dec7d5ef1435c125831)] -> xpath: //button[@type='submit']]
2023-12-18 01:12:566 INFO  LoginPage :45 - Enter the user name [[ChromeDriver: chrome on windows (7f4cc5a2c80ce051c56c9f36d1d66f42)] -> name: username]
2023-12-18 01:12:634 INFO  LoginPage :50 - Enter the password 
2023-12-18 01:12:694 INFO  LoginPage :55 - Clicking on login button [[ChromeDriver: chrome on windows (7f4cc5a2c80ce051c56c9f36d1d66f42)] -> xpath: //button[@type='submit']]
2023-12-18 01:12:570 INFO  LoginPage :45 - Enter the user name [[ChromeDriver: chrome on windows (b706f9221f684c8c64cc3c0c0807240b)] -> name: username]
2023-12-18 01:12:644 INFO  LoginPage :50 - Enter the password test123
2023-12-18 01:12:713 INFO  LoginPage :55 - Clicking on login button [[ChromeDriver: chrome on windows (b706f9221f684c8c64cc3c0c0807240b)] -> xpath: //button[@type='submit']]
2023-12-18 01:12:357 INFO  LoginPage :45 - Enter the user name [[ChromeDriver: chrome on windows (290a436dd0104acb5b824f1e5b75bcdf)] -> name: username]
2023-12-18 01:12:445 INFO  LoginPage :50 - Enter the password test123
2023-12-18 01:12:509 INFO  LoginPage :55 - Clicking on login button [[ChromeDriver: chrome on windows (290a436dd0104acb5b824f1e5b75bcdf)] -> xpath: //button[@type='submit']]
2023-12-18 01:12:575 INFO  LoginPage :45 - Enter the user name [[ChromeDriver: chrome on windows (74099f2d1a72c17dc2820ee71d455e7c)] -> name: username]
2023-12-18 01:12:654 INFO  LoginPage :50 - Enter the password admin123
2023-12-18 01:12:719 INFO  LoginPage :55 - Clicking on login button [[ChromeDriver: chrome on windows (74099f2d1a72c17dc2820ee71d455e7c)] -> xpath: //button[@type='submit']]
2023-12-18 01:12:485 INFO  AdminPage :33 - Clicking on admin [[ChromeDriver: chrome on windows (74099f2d1a72c17dc2820ee71d455e7c)] -> xpath: //body/div[@id='app']/div[1]/div[1]/aside[1]/nav[1]/div[2]/ul[1]/li[1]/a[1]/span[1]]
2023-12-18 01:12:147 INFO  AdminPage :38 - Clicking on add button [[ChromeDriver: chrome on windows (74099f2d1a72c17dc2820ee71d455e7c)] -> xpath: //button[normalize-space()='Add']]
2023-12-18 01:12:793 INFO  AddUserPage :91 - Enter the employee name [[ChromeDriver: chrome on windows (74099f2d1a72c17dc2820ee71d455e7c)] -> xpath: //input[@placeholder='Type for hints...']]
2023-12-18 01:12:933 INFO  AddUserPage :100 - Enter the user name [[ChromeDriver: chrome on windows (74099f2d1a72c17dc2820ee71d455e7c)] -> xpath: //input[@class='oxd-input oxd-input--focus']]
2023-12-18 01:12:633 INFO  LoginPage :45 - Enter the user name [[ChromeDriver: chrome on windows (3a54da18501a5980811bf7056f45a5ef)] -> name: username]
2023-12-18 01:12:700 INFO  LoginPage :50 - Enter the password admin123
2023-12-18 01:12:767 INFO  LoginPage :55 - Clicking on login button [[ChromeDriver: chrome on windows (3a54da18501a5980811bf7056f45a5ef)] -> xpath: //button[@type='submit']]
2023-12-18 01:12:513 INFO  AdminPage :33 - Clicking on admin [[ChromeDriver: chrome on windows (3a54da18501a5980811bf7056f45a5ef)] -> xpath: //body/div[@id='app']/div[1]/div[1]/aside[1]/nav[1]/div[2]/ul[1]/li[1]/a[1]/span[1]]
2023-12-18 01:12:884 INFO  ViewSystemUsersPage :101 - Enter the user name [[ChromeDriver: chrome on windows (3a54da18501a5980811bf7056f45a5ef)] -> xpath: //div[@class='oxd-input-group oxd-input-field-bottom-space']//div//input[@class='oxd-input oxd-input--active']]
2023-12-18 01:12:948 INFO  ViewSystemUsersPage :147 - Enter the search [[ChromeDriver: chrome on windows (3a54da18501a5980811bf7056f45a5ef)] -> xpath: //button[normalize-space()='Search']]
2023-12-18 01:12:55 INFO  LoginPage :45 - Enter the user name [[ChromeDriver: chrome on windows (d3cb56ef79320c31380eb478b896ad0c)] -> name: username]
2023-12-18 01:12:122 INFO  LoginPage :50 - Enter the password admin123
2023-12-18 01:12:191 INFO  LoginPage :55 - Clicking on login button [[ChromeDriver: chrome on windows (d3cb56ef79320c31380eb478b896ad0c)] -> xpath: //button[@type='submit']]
2023-12-18 01:12:58 INFO  AdminPage :33 - Clicking on admin [[ChromeDriver: chrome on windows (d3cb56ef79320c31380eb478b896ad0c)] -> xpath: //body/div[@id='app']/div[1]/div[1]/aside[1]/nav[1]/div[2]/ul[1]/li[1]/a[1]/span[1]]
2023-12-18 01:12:343 INFO  ViewSystemUsersPage :101 - Enter the user name [[ChromeDriver: chrome on windows (d3cb56ef79320c31380eb478b896ad0c)] -> xpath: //div[@class='oxd-input-group oxd-input-field-bottom-space']//div//input[@class='oxd-input oxd-input--active']]
2023-12-18 01:12:489 INFO  ViewSystemUsersPage :134 - Enter the employee name [[ChromeDriver: chrome on windows (d3cb56ef79320c31380eb478b896ad0c)] -> xpath: //input[@placeholder='Type for hints...']]
2023-12-18 01:12:591 INFO  ViewSystemUsersPage :147 - Enter the search [[ChromeDriver: chrome on windows (d3cb56ef79320c31380eb478b896ad0c)] -> xpath: //button[normalize-space()='Search']]
2023-12-18 01:12:735 INFO  LoginPage :45 - Enter the user name [[ChromeDriver: chrome on windows (e8fac8edfdf721685fecfc6d75666f0d)] -> name: username]
2023-12-18 01:12:835 INFO  LoginPage :50 - Enter the password admin123
2023-12-18 01:12:901 INFO  LoginPage :55 - Clicking on login button [[ChromeDriver: chrome on windows (e8fac8edfdf721685fecfc6d75666f0d)] -> xpath: //button[@type='submit']]
2023-12-18 01:12:811 INFO  AdminPage :33 - Clicking on admin [[ChromeDriver: chrome on windows (e8fac8edfdf721685fecfc6d75666f0d)] -> xpath: //body/div[@id='app']/div[1]/div[1]/aside[1]/nav[1]/div[2]/ul[1]/li[1]/a[1]/span[1]]
2023-12-18 01:12:138 INFO  ViewSystemUsersPage :101 - Enter the user name [[ChromeDriver: chrome on windows (e8fac8edfdf721685fecfc6d75666f0d)] -> xpath: //div[@class='oxd-input-group oxd-input-field-bottom-space']//div//input[@class='oxd-input oxd-input--active']]
2023-12-18 01:12:269 INFO  ViewSystemUsersPage :134 - Enter the employee name [[ChromeDriver: chrome on windows (e8fac8edfdf721685fecfc6d75666f0d)] -> xpath: //input[@placeholder='Type for hints...']]
2023-12-18 01:12:361 INFO  ViewSystemUsersPage :147 - Enter the search [[ChromeDriver: chrome on windows (e8fac8edfdf721685fecfc6d75666f0d)] -> xpath: //button[normalize-space()='Search']]
2023-12-18 01:12:853 INFO  LoginPage :45 - Enter the user name [[ChromeDriver: chrome on windows (9bf8052c7e220b9ffd16eeb78b4cf35e)] -> name: username]
2023-12-18 01:12:927 INFO  LoginPage :50 - Enter the password admin123
2023-12-18 01:12:987 INFO  LoginPage :55 - Clicking on login button [[ChromeDriver: chrome on windows (9bf8052c7e220b9ffd16eeb78b4cf35e)] -> xpath: //button[@type='submit']]
2023-12-18 01:12:939 INFO  AdminPage :33 - Clicking on admin [[ChromeDriver: chrome on windows (9bf8052c7e220b9ffd16eeb78b4cf35e)] -> xpath: //body/div[@id='app']/div[1]/div[1]/aside[1]/nav[1]/div[2]/ul[1]/li[1]/a[1]/span[1]]
2023-12-18 01:12:269 INFO  ViewSystemUsersPage :101 - Enter the user name [[ChromeDriver: chrome on windows (9bf8052c7e220b9ffd16eeb78b4cf35e)] -> xpath: //div[@class='oxd-input-group oxd-input-field-bottom-space']//div//input[@class='oxd-input oxd-input--active']]
2023-12-18 01:12:396 INFO  ViewSystemUsersPage :134 - Enter the employee name [[ChromeDriver: chrome on windows (9bf8052c7e220b9ffd16eeb78b4cf35e)] -> xpath: //input[@placeholder='Type for hints...']]
2023-12-18 01:12:498 INFO  ViewSystemUsersPage :147 - Enter the search [[ChromeDriver: chrome on windows (9bf8052c7e220b9ffd16eeb78b4cf35e)] -> xpath: //button[normalize-space()='Search']]
2023-12-18 01:12:392 INFO  LoginPage :45 - Enter the user name [[ChromeDriver: chrome on windows (6a03c8d8efbe75a169bd3791f9317caf)] -> name: username]
2023-12-18 01:12:470 INFO  LoginPage :50 - Enter the password admin123
2023-12-18 01:12:539 INFO  LoginPage :55 - Clicking on login button [[ChromeDriver: chrome on windows (6a03c8d8efbe75a169bd3791f9317caf)] -> xpath: //button[@type='submit']]
2023-12-18 01:12:391 INFO  AdminPage :33 - Clicking on admin [[ChromeDriver: chrome on windows (6a03c8d8efbe75a169bd3791f9317caf)] -> xpath: //body/div[@id='app']/div[1]/div[1]/aside[1]/nav[1]/div[2]/ul[1]/li[1]/a[1]/span[1]]
2023-12-18 01:12:705 INFO  ViewSystemUsersPage :101 - Enter the user name [[ChromeDriver: chrome on windows (6a03c8d8efbe75a169bd3791f9317caf)] -> xpath: //div[@class='oxd-input-group oxd-input-field-bottom-space']//div//input[@class='oxd-input oxd-input--active']]
2023-12-18 01:12:843 INFO  ViewSystemUsersPage :134 - Enter the employee name [[ChromeDriver: chrome on windows (6a03c8d8efbe75a169bd3791f9317caf)] -> xpath: //input[@placeholder='Type for hints...']]
2023-12-18 01:12:948 INFO  ViewSystemUsersPage :147 - Enter the search [[ChromeDriver: chrome on windows (6a03c8d8efbe75a169bd3791f9317caf)] -> xpath: //button[normalize-space()='Search']]
2023-12-18 01:12:651 INFO  LoginPage :45 - Enter the user name [[ChromeDriver: chrome on windows (93b85df43b5347f708cae26c8a2b1630)] -> name: username]
2023-12-18 01:12:742 INFO  LoginPage :50 - Enter the password admin123
2023-12-18 01:12:798 INFO  LoginPage :55 - Clicking on login button [[ChromeDriver: chrome on windows (93b85df43b5347f708cae26c8a2b1630)] -> xpath: //button[@type='submit']]
2023-12-18 01:12:897 INFO  LoginPage :45 - Enter the user name [[ChromeDriver: chrome on windows (78f4326439d4056adf706c70639c665d)] -> name: username]
2023-12-18 01:12:976 INFO  LoginPage :50 - Enter the password admin123
2023-12-18 01:12:40 INFO  LoginPage :55 - Clicking on login button [[ChromeDriver: chrome on windows (78f4326439d4056adf706c70639c665d)] -> xpath: //button[@type='submit']]
2023-12-18 01:12:170 INFO  LoginPage :45 - Enter the user name [[ChromeDriver: chrome on windows (57802959d575f8f62d1f2ac02a77c191)] -> name: username]
2023-12-18 01:12:254 INFO  LoginPage :50 - Enter the password admin123
2023-12-18 01:12:315 INFO  LoginPage :55 - Clicking on login button [[ChromeDriver: chrome on windows (57802959d575f8f62d1f2ac02a77c191)] -> xpath: //button[@type='submit']]
2023-12-18 01:12:665 INFO  HomePage :43 - Clicking on user profile [[ChromeDriver: chrome on windows (57802959d575f8f62d1f2ac02a77c191)] -> xpath: //p[@class='oxd-userdropdown-name']]
2023-12-18 01:12:640 INFO  HomePage :48 - Clicking on logout button [[ChromeDriver: chrome on windows (57802959d575f8f62d1f2ac02a77c191)] -> xpath: //a[normalize-space()='Logout']]
2023-12-18 01:12:850 INFO  HomePage :33 - Verifying login text [[ChromeDriver: chrome on windows (57802959d575f8f62d1f2ac02a77c191)] -> xpath: //h5[@class='oxd-text oxd-text--h5 orangehrm-login-title']]
2023-12-18 01:12:414 INFO  LoginPage :45 - Enter the user name [[ChromeDriver: chrome on windows (4b154da1860e1dbc0f2ef524ea846675)] -> name: username]
2023-12-18 01:12:468 INFO  LoginPage :50 - Enter the password 
2023-12-18 01:12:532 INFO  LoginPage :55 - Clicking on login button [[ChromeDriver: chrome on windows (4b154da1860e1dbc0f2ef524ea846675)] -> xpath: //button[@type='submit']]
2023-12-18 01:12:990 INFO  LoginPage :45 - Enter the user name [[ChromeDriver: chrome on windows (903ff70b25598ec82601ad13e627466b)] -> name: username]
2023-12-18 01:12:57 INFO  LoginPage :50 - Enter the password 
2023-12-18 01:12:117 INFO  LoginPage :55 - Clicking on login button [[ChromeDriver: chrome on windows (903ff70b25598ec82601ad13e627466b)] -> xpath: //button[@type='submit']]
2023-12-18 01:12:489 INFO  LoginPage :45 - Enter the user name [[ChromeDriver: chrome on windows (66e9a926af9c5386216bc0539bd443d1)] -> name: username]
2023-12-18 01:12:579 INFO  LoginPage :50 - Enter the password test123
2023-12-18 01:12:648 INFO  LoginPage :55 - Clicking on login button [[ChromeDriver: chrome on windows (66e9a926af9c5386216bc0539bd443d1)] -> xpath: //button[@type='submit']]
2023-12-18 01:12:123 INFO  LoginPage :45 - Enter the user name [[ChromeDriver: chrome on windows (45899f3db795e6371cc49636b95706c9)] -> name: username]
2023-12-18 01:12:200 INFO  LoginPage :50 - Enter the password test123
2023-12-18 01:12:268 INFO  LoginPage :55 - Clicking on login button [[ChromeDriver: chrome on windows (45899f3db795e6371cc49636b95706c9)] -> xpath: //button[@type='submit']]
2023-12-18 01:12:292 INFO  LoginPage :45 - Enter the user name [[ChromeDriver: chrome on windows (6d5f66f3509a3f00c1aac9b5f1f0bc0c)] -> name: username]
2023-12-18 01:12:377 INFO  LoginPage :50 - Enter the password admin123
2023-12-18 01:12:433 INFO  LoginPage :55 - Clicking on login button [[ChromeDriver: chrome on windows (6d5f66f3509a3f00c1aac9b5f1f0bc0c)] -> xpath: //button[@type='submit']]
2023-12-18 01:12:440 INFO  AdminPage :33 - Clicking on admin [[ChromeDriver: chrome on windows (6d5f66f3509a3f00c1aac9b5f1f0bc0c)] -> xpath: //body/div[@id='app']/div[1]/div[1]/aside[1]/nav[1]/div[2]/ul[1]/li[1]/a[1]/span[1]]
2023-12-18 01:12:34 INFO  AdminPage :38 - Clicking on add button [[ChromeDriver: chrome on windows (6d5f66f3509a3f00c1aac9b5f1f0bc0c)] -> xpath: //button[normalize-space()='Add']]
2023-12-18 01:12:631 INFO  AddUserPage :91 - Enter the employee name [[ChromeDriver: chrome on windows (6d5f66f3509a3f00c1aac9b5f1f0bc0c)] -> xpath: //input[@placeholder='Type for hints...']]
2023-12-18 01:12:733 INFO  AddUserPage :100 - Enter the user name [[ChromeDriver: chrome on windows (6d5f66f3509a3f00c1aac9b5f1f0bc0c)] -> xpath: //input[@class='oxd-input oxd-input--focus']]
2023-12-18 01:12:375 INFO  LoginPage :45 - Enter the user name [[ChromeDriver: chrome on windows (f5ab00e9d37f4051db9931e86343ca44)] -> name: username]
2023-12-18 01:12:452 INFO  LoginPage :50 - Enter the password admin123
2023-12-18 01:12:515 INFO  LoginPage :55 - Clicking on login button [[ChromeDriver: chrome on windows (f5ab00e9d37f4051db9931e86343ca44)] -> xpath: //button[@type='submit']]
2023-12-18 01:12:420 INFO  AdminPage :33 - Clicking on admin [[ChromeDriver: chrome on windows (f5ab00e9d37f4051db9931e86343ca44)] -> xpath: //body/div[@id='app']/div[1]/div[1]/aside[1]/nav[1]/div[2]/ul[1]/li[1]/a[1]/span[1]]
2023-12-18 01:12:755 INFO  ViewSystemUsersPage :101 - Enter the user name [[ChromeDriver: chrome on windows (f5ab00e9d37f4051db9931e86343ca44)] -> xpath: //div[@class='oxd-input-group oxd-input-field-bottom-space']//div//input[@class='oxd-input oxd-input--active']]
2023-12-18 01:12:821 INFO  ViewSystemUsersPage :147 - Enter the search [[ChromeDriver: chrome on windows (f5ab00e9d37f4051db9931e86343ca44)] -> xpath: //button[normalize-space()='Search']]
2023-12-18 01:12:628 INFO  LoginPage :45 - Enter the user name [[ChromeDriver: chrome on windows (3eb2a2fc079bf0639b9e4ebe39c6770c)] -> name: username]
2023-12-18 01:12:696 INFO  LoginPage :50 - Enter the password admin123
2023-12-18 01:12:766 INFO  LoginPage :55 - Clicking on login button [[ChromeDriver: chrome on windows (3eb2a2fc079bf0639b9e4ebe39c6770c)] -> xpath: //button[@type='submit']]
2023-12-18 01:12:595 INFO  AdminPage :33 - Clicking on admin [[ChromeDriver: chrome on windows (3eb2a2fc079bf0639b9e4ebe39c6770c)] -> xpath: //body/div[@id='app']/div[1]/div[1]/aside[1]/nav[1]/div[2]/ul[1]/li[1]/a[1]/span[1]]
2023-12-18 01:12:893 INFO  ViewSystemUsersPage :101 - Enter the user name [[ChromeDriver: chrome on windows (3eb2a2fc079bf0639b9e4ebe39c6770c)] -> xpath: //div[@class='oxd-input-group oxd-input-field-bottom-space']//div//input[@class='oxd-input oxd-input--active']]
2023-12-18 01:12:44 INFO  ViewSystemUsersPage :134 - Enter the employee name [[ChromeDriver: chrome on windows (3eb2a2fc079bf0639b9e4ebe39c6770c)] -> xpath: //input[@placeholder='Type for hints...']]
2023-12-18 01:12:151 INFO  ViewSystemUsersPage :147 - Enter the search [[ChromeDriver: chrome on windows (3eb2a2fc079bf0639b9e4ebe39c6770c)] -> xpath: //button[normalize-space()='Search']]
2023-12-18 01:12:248 INFO  LoginPage :45 - Enter the user name [[ChromeDriver: chrome on windows (63f9707a4af3a31475d6553882dc3a60)] -> name: username]
2023-12-18 01:12:320 INFO  LoginPage :50 - Enter the password admin123
2023-12-18 01:12:394 INFO  LoginPage :55 - Clicking on login button [[ChromeDriver: chrome on windows (63f9707a4af3a31475d6553882dc3a60)] -> xpath: //button[@type='submit']]
2023-12-18 01:12:485 INFO  AdminPage :33 - Clicking on admin [[ChromeDriver: chrome on windows (63f9707a4af3a31475d6553882dc3a60)] -> xpath: //body/div[@id='app']/div[1]/div[1]/aside[1]/nav[1]/div[2]/ul[1]/li[1]/a[1]/span[1]]
2023-12-18 01:12:791 INFO  ViewSystemUsersPage :101 - Enter the user name [[ChromeDriver: chrome on windows (63f9707a4af3a31475d6553882dc3a60)] -> xpath: //div[@class='oxd-input-group oxd-input-field-bottom-space']//div//input[@class='oxd-input oxd-input--active']]
2023-12-18 01:12:938 INFO  ViewSystemUsersPage :134 - Enter the employee name [[ChromeDriver: chrome on windows (63f9707a4af3a31475d6553882dc3a60)] -> xpath: //input[@placeholder='Type for hints...']]
2023-12-18 01:12:41 INFO  ViewSystemUsersPage :147 - Enter the search [[ChromeDriver: chrome on windows (63f9707a4af3a31475d6553882dc3a60)] -> xpath: //button[normalize-space()='Search']]
2023-12-18 01:12:627 INFO  LoginPage :45 - Enter the user name [[ChromeDriver: chrome on windows (5aae07cb987b948da864e5335c051112)] -> name: username]
2023-12-18 01:12:708 INFO  LoginPage :50 - Enter the password admin123
2023-12-18 01:12:768 INFO  LoginPage :55 - Clicking on login button [[ChromeDriver: chrome on windows (5aae07cb987b948da864e5335c051112)] -> xpath: //button[@type='submit']]
2023-12-18 01:12:459 INFO  LoginPage :45 - Enter the user name [[ChromeDriver: chrome on windows (67ac9dd1d46fd5d3868b60bdee7df7e2)] -> name: username]
2023-12-18 01:12:535 INFO  LoginPage :50 - Enter the password admin123
2023-12-18 01:12:621 INFO  LoginPage :55 - Clicking on login button [[ChromeDriver: chrome on windows (67ac9dd1d46fd5d3868b60bdee7df7e2)] -> xpath: //button[@type='submit']]
2023-12-18 01:12:72 INFO  LoginPage :45 - Enter the user name [[ChromeDriver: chrome on windows (e054021fdfd0b4bf63f5da8efc08f1bb)] -> name: username]
2023-12-18 01:12:153 INFO  LoginPage :50 - Enter the password admin123
2023-12-18 01:12:216 INFO  LoginPage :55 - Clicking on login button [[ChromeDriver: chrome on windows (e054021fdfd0b4bf63f5da8efc08f1bb)] -> xpath: //button[@type='submit']]
2023-12-18 01:12:213 INFO  HomePage :43 - Clicking on user profile [[ChromeDriver: chrome on windows (e054021fdfd0b4bf63f5da8efc08f1bb)] -> xpath: //p[@class='oxd-userdropdown-name']]
2023-12-18 01:12:935 INFO  HomePage :48 - Clicking on logout button [[ChromeDriver: chrome on windows (e054021fdfd0b4bf63f5da8efc08f1bb)] -> xpath: //a[normalize-space()='Logout']]
2023-12-18 01:12:107 INFO  HomePage :33 - Verifying login text [[ChromeDriver: chrome on windows (e054021fdfd0b4bf63f5da8efc08f1bb)] -> xpath: //h5[@class='oxd-text oxd-text--h5 orangehrm-login-title']]
2023-12-18 01:12:738 INFO  LoginPage :45 - Enter the user name [[ChromeDriver: chrome on windows (d3207937922a071cf6693634a3fd8871)] -> name: username]
2023-12-18 01:12:815 INFO  LoginPage :50 - Enter the password 
2023-12-18 01:12:887 INFO  LoginPage :55 - Clicking on login button [[ChromeDriver: chrome on windows (d3207937922a071cf6693634a3fd8871)] -> xpath: //button[@type='submit']]
2023-12-18 01:12:720 INFO  LoginPage :45 - Enter the user name [[ChromeDriver: chrome on windows (b1c38ca00315800c7665e605ddb54c88)] -> name: username]
2023-12-18 01:12:785 INFO  LoginPage :50 - Enter the password 
2023-12-18 01:12:846 INFO  LoginPage :55 - Clicking on login button [[ChromeDriver: chrome on windows (b1c38ca00315800c7665e605ddb54c88)] -> xpath: //button[@type='submit']]
2023-12-18 01:12:462 INFO  LoginPage :45 - Enter the user name [[ChromeDriver: chrome on windows (bf2b962cb17a190ec508dd50b0b94da3)] -> name: username]
2023-12-18 01:12:557 INFO  LoginPage :50 - Enter the password test123
2023-12-18 01:12:621 INFO  LoginPage :55 - Clicking on login button [[ChromeDriver: chrome on windows (bf2b962cb17a190ec508dd50b0b94da3)] -> xpath: //button[@type='submit']]
2023-12-18 01:12:397 INFO  LoginPage :45 - Enter the user name [[ChromeDriver: chrome on windows (6848d37d1e58202a1617e07b4df9a4ce)] -> name: username]
2023-12-18 01:12:482 INFO  LoginPage :50 - Enter the password test123
2023-12-18 01:12:535 INFO  LoginPage :55 - Clicking on login button [[ChromeDriver: chrome on windows (6848d37d1e58202a1617e07b4df9a4ce)] -> xpath: //button[@type='submit']]
2023-12-18 01:12:838 INFO  LoginPage :45 - Enter the user name [[ChromeDriver: chrome on windows (3461d3e6902411699739670868ba39e5)] -> name: username]
2023-12-18 01:12:907 INFO  LoginPage :50 - Enter the password admin123
2023-12-18 01:12:987 INFO  LoginPage :55 - Clicking on login button [[ChromeDriver: chrome on windows (3461d3e6902411699739670868ba39e5)] -> xpath: //button[@type='submit']]
2023-12-18 01:12:58 INFO  AdminPage :33 - Clicking on admin [[ChromeDriver: chrome on windows (3461d3e6902411699739670868ba39e5)] -> xpath: //body/div[@id='app']/div[1]/div[1]/aside[1]/nav[1]/div[2]/ul[1]/li[1]/a[1]/span[1]]
2023-12-18 01:12:575 INFO  AdminPage :38 - Clicking on add button [[ChromeDriver: chrome on windows (3461d3e6902411699739670868ba39e5)] -> xpath: //button[normalize-space()='Add']]
2023-12-18 01:12:172 INFO  AddUserPage :91 - Enter the employee name [[ChromeDriver: chrome on windows (3461d3e6902411699739670868ba39e5)] -> xpath: //input[@placeholder='Type for hints...']]
2023-12-18 01:12:260 INFO  AddUserPage :100 - Enter the user name [[ChromeDriver: chrome on windows (3461d3e6902411699739670868ba39e5)] -> xpath: //input[@class='oxd-input oxd-input--focus']]
2023-12-18 01:12:117 INFO  LoginPage :45 - Enter the user name [[ChromeDriver: chrome on windows (1b89042ae7ff15c1f0056e9d8f15fabb)] -> name: username]
2023-12-18 01:12:186 INFO  LoginPage :50 - Enter the password admin123
2023-12-18 01:12:249 INFO  LoginPage :55 - Clicking on login button [[ChromeDriver: chrome on windows (1b89042ae7ff15c1f0056e9d8f15fabb)] -> xpath: //button[@type='submit']]
2023-12-18 01:12:902 INFO  AdminPage :33 - Clicking on admin [[ChromeDriver: chrome on windows (1b89042ae7ff15c1f0056e9d8f15fabb)] -> xpath: //body/div[@id='app']/div[1]/div[1]/aside[1]/nav[1]/div[2]/ul[1]/li[1]/a[1]/span[1]]
2023-12-18 01:12:275 INFO  ViewSystemUsersPage :101 - Enter the user name [[ChromeDriver: chrome on windows (1b89042ae7ff15c1f0056e9d8f15fabb)] -> xpath: //div[@class='oxd-input-group oxd-input-field-bottom-space']//div//input[@class='oxd-input oxd-input--active']]
2023-12-18 01:12:340 INFO  ViewSystemUsersPage :147 - Enter the search [[ChromeDriver: chrome on windows (1b89042ae7ff15c1f0056e9d8f15fabb)] -> xpath: //button[normalize-space()='Search']]
2023-12-18 01:12:451 INFO  LoginPage :45 - Enter the user name [[ChromeDriver: chrome on windows (f60937038067cca5907e1468b243e5c3)] -> name: username]
2023-12-18 01:12:528 INFO  LoginPage :50 - Enter the password admin123
2023-12-18 01:12:590 INFO  LoginPage :55 - Clicking on login button [[ChromeDriver: chrome on windows (f60937038067cca5907e1468b243e5c3)] -> xpath: //button[@type='submit']]
2023-12-18 01:12:539 INFO  AdminPage :33 - Clicking on admin [[ChromeDriver: chrome on windows (f60937038067cca5907e1468b243e5c3)] -> xpath: //body/div[@id='app']/div[1]/div[1]/aside[1]/nav[1]/div[2]/ul[1]/li[1]/a[1]/span[1]]
2023-12-18 01:12:830 INFO  ViewSystemUsersPage :101 - Enter the user name [[ChromeDriver: chrome on windows (f60937038067cca5907e1468b243e5c3)] -> xpath: //div[@class='oxd-input-group oxd-input-field-bottom-space']//div//input[@class='oxd-input oxd-input--active']]
2023-12-18 01:12:967 INFO  ViewSystemUsersPage :147 - Enter the search [[ChromeDriver: chrome on windows (f60937038067cca5907e1468b243e5c3)] -> xpath: //button[normalize-space()='Search']]
2023-12-18 01:12:234 INFO  ViewSystemUsersPage :172 - Clicking on reset button [[ChromeDriver: chrome on windows (f60937038067cca5907e1468b243e5c3)] -> xpath: //button[normalize-space()='Reset']]
2023-12-18 01:12:800 INFO  LoginPage :45 - Enter the user name [[ChromeDriver: chrome on windows (2e906bb683b0359bceb59e2466ec57d4)] -> name: username]
2023-12-18 01:12:877 INFO  LoginPage :50 - Enter the password admin123
2023-12-18 01:12:940 INFO  LoginPage :55 - Clicking on login button [[ChromeDriver: chrome on windows (2e906bb683b0359bceb59e2466ec57d4)] -> xpath: //button[@type='submit']]
2023-12-18 01:12:56 INFO  AdminPage :33 - Clicking on admin [[ChromeDriver: chrome on windows (2e906bb683b0359bceb59e2466ec57d4)] -> xpath: //body/div[@id='app']/div[1]/div[1]/aside[1]/nav[1]/div[2]/ul[1]/li[1]/a[1]/span[1]]
2023-12-18 01:12:362 INFO  ViewSystemUsersPage :101 - Enter the user name [[ChromeDriver: chrome on windows (2e906bb683b0359bceb59e2466ec57d4)] -> xpath: //div[@class='oxd-input-group oxd-input-field-bottom-space']//div//input[@class='oxd-input oxd-input--active']]
2023-12-18 01:12:500 INFO  ViewSystemUsersPage :147 - Enter the search [[ChromeDriver: chrome on windows (2e906bb683b0359bceb59e2466ec57d4)] -> xpath: //button[normalize-space()='Search']]
2023-12-18 01:12:476 INFO  LoginPage :45 - Enter the user name [[ChromeDriver: chrome on windows (137ad9a66ea76cd706c9c629f9f4c71b)] -> name: username]
2023-12-18 01:12:542 INFO  LoginPage :50 - Enter the password admin123
2023-12-18 01:12:616 INFO  LoginPage :55 - Clicking on login button [[ChromeDriver: chrome on windows (137ad9a66ea76cd706c9c629f9f4c71b)] -> xpath: //button[@type='submit']]
2023-12-18 01:12:01 INFO  AdminPage :33 - Clicking on admin [[ChromeDriver: chrome on windows (137ad9a66ea76cd706c9c629f9f4c71b)] -> xpath: //body/div[@id='app']/div[1]/div[1]/aside[1]/nav[1]/div[2]/ul[1]/li[1]/a[1]/span[1]]
2023-12-18 01:12:321 INFO  ViewSystemUsersPage :101 - Enter the user name [[ChromeDriver: chrome on windows (137ad9a66ea76cd706c9c629f9f4c71b)] -> xpath: //div[@class='oxd-input-group oxd-input-field-bottom-space']//div//input[@class='oxd-input oxd-input--active']]
2023-12-18 01:12:457 INFO  ViewSystemUsersPage :147 - Enter the search [[ChromeDriver: chrome on windows (137ad9a66ea76cd706c9c629f9f4c71b)] -> xpath: //button[normalize-space()='Search']]
2023-12-18 01:12:430 INFO  LoginPage :45 - Enter the user name [[ChromeDriver: chrome on windows (aba2f857897f7df6ae3059b9b14d3852)] -> name: username]
2023-12-18 01:12:506 INFO  LoginPage :50 - Enter the password admin123
2023-12-18 01:12:564 INFO  LoginPage :55 - Clicking on login button [[ChromeDriver: chrome on windows (aba2f857897f7df6ae3059b9b14d3852)] -> xpath: //button[@type='submit']]
2023-12-18 01:12:456 INFO  AdminPage :33 - Clicking on admin [[ChromeDriver: chrome on windows (aba2f857897f7df6ae3059b9b14d3852)] -> xpath: //body/div[@id='app']/div[1]/div[1]/aside[1]/nav[1]/div[2]/ul[1]/li[1]/a[1]/span[1]]
2023-12-18 01:12:758 INFO  ViewSystemUsersPage :101 - Enter the user name [[ChromeDriver: chrome on windows (aba2f857897f7df6ae3059b9b14d3852)] -> xpath: //div[@class='oxd-input-group oxd-input-field-bottom-space']//div//input[@class='oxd-input oxd-input--active']]
2023-12-18 01:12:863 INFO  ViewSystemUsersPage :147 - Enter the search [[ChromeDriver: chrome on windows (aba2f857897f7df6ae3059b9b14d3852)] -> xpath: //button[normalize-space()='Search']]
2023-12-18 01:12:501 INFO  LoginPage :45 - Enter the user name [[ChromeDriver: chrome on windows (1adc38e731b6895d5c915bc7fc5afd48)] -> name: username]
2023-12-18 01:12:603 INFO  LoginPage :50 - Enter the password admin123
2023-12-18 01:12:693 INFO  LoginPage :55 - Clicking on login button [[ChromeDriver: chrome on windows (1adc38e731b6895d5c915bc7fc5afd48)] -> xpath: //button[@type='submit']]
2023-12-18 01:12:678 INFO  LoginPage :45 - Enter the user name [[ChromeDriver: chrome on windows (2c919b86b9d793f6627318059d523802)] -> name: username]
2023-12-18 01:12:753 INFO  LoginPage :50 - Enter the password admin123
2023-12-18 01:12:820 INFO  LoginPage :55 - Clicking on login button [[ChromeDriver: chrome on windows (2c919b86b9d793f6627318059d523802)] -> xpath: //button[@type='submit']]
2023-12-18 01:12:318 INFO  LoginPage :45 - Enter the user name [[ChromeDriver: chrome on windows (3cba2efb82607a9385bde8f45a0109c6)] -> name: username]
2023-12-18 01:12:402 INFO  LoginPage :50 - Enter the password admin123
2023-12-18 01:12:473 INFO  LoginPage :55 - Clicking on login button [[ChromeDriver: chrome on windows (3cba2efb82607a9385bde8f45a0109c6)] -> xpath: //button[@type='submit']]
2023-12-18 01:12:455 INFO  HomePage :43 - Clicking on user profile [[ChromeDriver: chrome on windows (3cba2efb82607a9385bde8f45a0109c6)] -> xpath: //p[@class='oxd-userdropdown-name']]
2023-12-18 01:12:278 INFO  HomePage :48 - Clicking on logout button [[ChromeDriver: chrome on windows (3cba2efb82607a9385bde8f45a0109c6)] -> xpath: //a[normalize-space()='Logout']]
2023-12-18 01:12:466 INFO  HomePage :33 - Verifying login text [[ChromeDriver: chrome on windows (3cba2efb82607a9385bde8f45a0109c6)] -> xpath: //h5[@class='oxd-text oxd-text--h5 orangehrm-login-title']]
2023-12-18 01:12:231 INFO  LoginPage :45 - Enter the user name [[ChromeDriver: chrome on windows (471ca7149d61a4bd61f2fb0279d1c15a)] -> name: username]
2023-12-18 01:12:284 INFO  LoginPage :50 - Enter the password 
2023-12-18 01:12:353 INFO  LoginPage :55 - Clicking on login button [[ChromeDriver: chrome on windows (471ca7149d61a4bd61f2fb0279d1c15a)] -> xpath: //button[@type='submit']]
2023-12-18 01:12:935 INFO  LoginPage :45 - Enter the user name [[ChromeDriver: chrome on windows (08a872b0d668507085852ac558a5a253)] -> name: username]
2023-12-18 01:12:07 INFO  LoginPage :50 - Enter the password 
2023-12-18 01:12:71 INFO  LoginPage :55 - Clicking on login button [[ChromeDriver: chrome on windows (08a872b0d668507085852ac558a5a253)] -> xpath: //button[@type='submit']]
2023-12-18 01:12:691 INFO  LoginPage :45 - Enter the user name [[ChromeDriver: chrome on windows (7d85ac47df493f8fbb61b600792e37b7)] -> name: username]
2023-12-18 01:12:761 INFO  LoginPage :50 - Enter the password test123
2023-12-18 01:12:829 INFO  LoginPage :55 - Clicking on login button [[ChromeDriver: chrome on windows (7d85ac47df493f8fbb61b600792e37b7)] -> xpath: //button[@type='submit']]
2023-12-18 01:12:450 INFO  LoginPage :45 - Enter the user name [[ChromeDriver: chrome on windows (4cfcfd85d0fa6f05394d8931e986d837)] -> name: username]
2023-12-18 01:12:532 INFO  LoginPage :50 - Enter the password test123
2023-12-18 01:12:584 INFO  LoginPage :55 - Clicking on login button [[ChromeDriver: chrome on windows (4cfcfd85d0fa6f05394d8931e986d837)] -> xpath: //button[@type='submit']]
2023-12-18 01:12:237 INFO  LoginPage :45 - Enter the user name [[ChromeDriver: chrome on windows (0c53cc8979453aa3581aa88133fb876c)] -> name: username]
2023-12-18 01:12:308 INFO  LoginPage :50 - Enter the password admin123
2023-12-18 01:12:380 INFO  LoginPage :55 - Clicking on login button [[ChromeDriver: chrome on windows (0c53cc8979453aa3581aa88133fb876c)] -> xpath: //button[@type='submit']]
2023-12-18 01:12:491 INFO  AdminPage :33 - Clicking on admin [[ChromeDriver: chrome on windows (0c53cc8979453aa3581aa88133fb876c)] -> xpath: //body/div[@id='app']/div[1]/div[1]/aside[1]/nav[1]/div[2]/ul[1]/li[1]/a[1]/span[1]]
2023-12-18 01:12:226 INFO  AdminPage :38 - Clicking on add button [[ChromeDriver: chrome on windows (0c53cc8979453aa3581aa88133fb876c)] -> xpath: //button[normalize-space()='Add']]
2023-12-18 01:12:901 INFO  AddUserPage :91 - Enter the employee name [[ChromeDriver: chrome on windows (0c53cc8979453aa3581aa88133fb876c)] -> xpath: //input[@placeholder='Type for hints...']]
2023-12-18 01:12:02 INFO  AddUserPage :100 - Enter the user name [[ChromeDriver: chrome on windows (0c53cc8979453aa3581aa88133fb876c)] -> xpath: //input[@class='oxd-input oxd-input--focus']]
2023-12-18 01:12:96 INFO  LoginPage :45 - Enter the user name [[ChromeDriver: chrome on windows (990e1d7954f7b4233be0868f609a4cd3)] -> name: username]
2023-12-18 01:12:165 INFO  LoginPage :50 - Enter the password admin123
2023-12-18 01:12:235 INFO  LoginPage :55 - Clicking on login button [[ChromeDriver: chrome on windows (990e1d7954f7b4233be0868f609a4cd3)] -> xpath: //button[@type='submit']]
2023-12-18 01:12:435 INFO  AdminPage :33 - Clicking on admin [[ChromeDriver: chrome on windows (990e1d7954f7b4233be0868f609a4cd3)] -> xpath: //body/div[@id='app']/div[1]/div[1]/aside[1]/nav[1]/div[2]/ul[1]/li[1]/a[1]/span[1]]
2023-12-18 01:12:779 INFO  ViewSystemUsersPage :101 - Enter the user name [[ChromeDriver: chrome on windows (990e1d7954f7b4233be0868f609a4cd3)] -> xpath: //div[@class='oxd-input-group oxd-input-field-bottom-space']//div//input[@class='oxd-input oxd-input--active']]
2023-12-18 01:12:846 INFO  ViewSystemUsersPage :147 - Enter the search [[ChromeDriver: chrome on windows (990e1d7954f7b4233be0868f609a4cd3)] -> xpath: //button[normalize-space()='Search']]
2023-12-18 01:12:356 INFO  LoginPage :45 - Enter the user name [[ChromeDriver: chrome on windows (1041f77c61ed641bfb65eaa1e776b31f)] -> name: username]
2023-12-18 01:12:422 INFO  LoginPage :50 - Enter the password admin123
2023-12-18 01:12:211 INFO  LoginPage :55 - Clicking on login button [[ChromeDriver: chrome on windows (1041f77c61ed641bfb65eaa1e776b31f)] -> xpath: //button[@type='submit']]
2023-12-18 01:12:387 INFO  AdminPage :33 - Clicking on admin [[ChromeDriver: chrome on windows (1041f77c61ed641bfb65eaa1e776b31f)] -> xpath: //body/div[@id='app']/div[1]/div[1]/aside[1]/nav[1]/div[2]/ul[1]/li[1]/a[1]/span[1]]
2023-12-18 01:12:752 INFO  ViewSystemUsersPage :101 - Enter the user name [[ChromeDriver: chrome on windows (1041f77c61ed641bfb65eaa1e776b31f)] -> xpath: //div[@class='oxd-input-group oxd-input-field-bottom-space']//div//input[@class='oxd-input oxd-input--active']]
2023-12-18 01:12:809 INFO  ViewSystemUsersPage :147 - Enter the search [[ChromeDriver: chrome on windows (1041f77c61ed641bfb65eaa1e776b31f)] -> xpath: //button[normalize-space()='Search']]
2023-12-18 01:12:690 INFO  LoginPage :45 - Enter the user name [[ChromeDriver: chrome on windows (257ee832f3844aecbacdceb2476dbd01)] -> name: username]
2023-12-18 01:12:762 INFO  LoginPage :50 - Enter the password admin123
2023-12-18 01:12:820 INFO  LoginPage :55 - Clicking on login button [[ChromeDriver: chrome on windows (257ee832f3844aecbacdceb2476dbd01)] -> xpath: //button[@type='submit']]
2023-12-18 01:12:777 INFO  AdminPage :33 - Clicking on admin [[ChromeDriver: chrome on windows (257ee832f3844aecbacdceb2476dbd01)] -> xpath: //body/div[@id='app']/div[1]/div[1]/aside[1]/nav[1]/div[2]/ul[1]/li[1]/a[1]/span[1]]
2023-12-18 01:12:69 INFO  ViewSystemUsersPage :101 - Enter the user name [[ChromeDriver: chrome on windows (257ee832f3844aecbacdceb2476dbd01)] -> xpath: //div[@class='oxd-input-group oxd-input-field-bottom-space']//div//input[@class='oxd-input oxd-input--active']]
2023-12-18 01:12:213 INFO  ViewSystemUsersPage :147 - Enter the search [[ChromeDriver: chrome on windows (257ee832f3844aecbacdceb2476dbd01)] -> xpath: //button[normalize-space()='Search']]
2023-12-18 01:12:471 INFO  ViewSystemUsersPage :172 - Clicking on reset button [[ChromeDriver: chrome on windows (257ee832f3844aecbacdceb2476dbd01)] -> xpath: //button[normalize-space()='Reset']]
2023-12-18 01:12:935 INFO  LoginPage :45 - Enter the user name [[ChromeDriver: chrome on windows (04ff35dbe12dae6cda568b3af4cf0fe7)] -> name: username]
2023-12-18 01:12:08 INFO  LoginPage :50 - Enter the password admin123
2023-12-18 01:12:857 INFO  LoginPage :55 - Clicking on login button [[ChromeDriver: chrome on windows (04ff35dbe12dae6cda568b3af4cf0fe7)] -> xpath: //button[@type='submit']]
2023-12-18 01:12:155 INFO  AdminPage :33 - Clicking on admin [[ChromeDriver: chrome on windows (04ff35dbe12dae6cda568b3af4cf0fe7)] -> xpath: //body/div[@id='app']/div[1]/div[1]/aside[1]/nav[1]/div[2]/ul[1]/li[1]/a[1]/span[1]]
2023-12-18 01:12:444 INFO  ViewSystemUsersPage :101 - Enter the user name [[ChromeDriver: chrome on windows (04ff35dbe12dae6cda568b3af4cf0fe7)] -> xpath: //div[@class='oxd-input-group oxd-input-field-bottom-space']//div//input[@class='oxd-input oxd-input--active']]
2023-12-18 01:12:583 INFO  ViewSystemUsersPage :147 - Enter the search [[ChromeDriver: chrome on windows (04ff35dbe12dae6cda568b3af4cf0fe7)] -> xpath: //button[normalize-space()='Search']]
2023-12-18 01:12:843 INFO  ViewSystemUsersPage :172 - Clicking on reset button [[ChromeDriver: chrome on windows (04ff35dbe12dae6cda568b3af4cf0fe7)] -> xpath: //button[normalize-space()='Reset']]
2023-12-18 01:12:270 INFO  LoginPage :45 - Enter the user name [[ChromeDriver: chrome on windows (05adf33cbabce69c52eb7a59ad826168)] -> name: username]
2023-12-18 01:12:338 INFO  LoginPage :50 - Enter the password admin123
2023-12-18 01:12:406 INFO  LoginPage :55 - Clicking on login button [[ChromeDriver: chrome on windows (05adf33cbabce69c52eb7a59ad826168)] -> xpath: //button[@type='submit']]
2023-12-18 01:12:283 INFO  AdminPage :33 - Clicking on admin [[ChromeDriver: chrome on windows (05adf33cbabce69c52eb7a59ad826168)] -> xpath: //body/div[@id='app']/div[1]/div[1]/aside[1]/nav[1]/div[2]/ul[1]/li[1]/a[1]/span[1]]
2023-12-18 01:12:604 INFO  ViewSystemUsersPage :101 - Enter the user name [[ChromeDriver: chrome on windows (05adf33cbabce69c52eb7a59ad826168)] -> xpath: //div[@class='oxd-input-group oxd-input-field-bottom-space']//div//input[@class='oxd-input oxd-input--active']]
2023-12-18 01:12:742 INFO  ViewSystemUsersPage :147 - Enter the search [[ChromeDriver: chrome on windows (05adf33cbabce69c52eb7a59ad826168)] -> xpath: //button[normalize-space()='Search']]
2023-12-18 01:12:04 INFO  ViewSystemUsersPage :172 - Clicking on reset button [[ChromeDriver: chrome on windows (05adf33cbabce69c52eb7a59ad826168)] -> xpath: //button[normalize-space()='Reset']]
2023-12-18 01:12:497 INFO  LoginPage :45 - Enter the user name [[ChromeDriver: chrome on windows (9cd3825a8cf07df32c7f6af97b9a8687)] -> name: username]
2023-12-18 01:12:565 INFO  LoginPage :50 - Enter the password admin123
2023-12-18 01:12:630 INFO  LoginPage :55 - Clicking on login button [[ChromeDriver: chrome on windows (9cd3825a8cf07df32c7f6af97b9a8687)] -> xpath: //button[@type='submit']]
2023-12-18 01:12:598 INFO  AdminPage :33 - Clicking on admin [[ChromeDriver: chrome on windows (9cd3825a8cf07df32c7f6af97b9a8687)] -> xpath: //body/div[@id='app']/div[1]/div[1]/aside[1]/nav[1]/div[2]/ul[1]/li[1]/a[1]/span[1]]
2023-12-18 01:12:923 INFO  ViewSystemUsersPage :101 - Enter the user name [[ChromeDriver: chrome on windows (9cd3825a8cf07df32c7f6af97b9a8687)] -> xpath: //div[@class='oxd-input-group oxd-input-field-bottom-space']//div//input[@class='oxd-input oxd-input--active']]
2023-12-18 01:12:59 INFO  ViewSystemUsersPage :147 - Enter the search [[ChromeDriver: chrome on windows (9cd3825a8cf07df32c7f6af97b9a8687)] -> xpath: //button[normalize-space()='Search']]
2023-12-18 01:12:321 INFO  ViewSystemUsersPage :172 - Clicking on reset button [[ChromeDriver: chrome on windows (9cd3825a8cf07df32c7f6af97b9a8687)] -> xpath: //button[normalize-space()='Reset']]
2023-12-19 00:12:873 INFO  LoginPage :45 - Enter the user name [[ChromeDriver: chrome on windows (aca16d8d60b07e1219390a1e9a17ca56)] -> name: username]
2023-12-19 00:12:89 INFO  LoginPage :50 - Enter the password admin123
2023-12-19 00:12:202 INFO  LoginPage :55 - Clicking on login button [[ChromeDriver: chrome on windows (aca16d8d60b07e1219390a1e9a17ca56)] -> xpath: //button[@type='submit']]
2023-12-19 00:12:327 INFO  LoginPage :45 - Enter the user name [[ChromeDriver: chrome on windows (95fd40474a08e4f914f129d1efed704b)] -> name: username]
2023-12-19 00:12:474 INFO  LoginPage :50 - Enter the password admin123
2023-12-19 00:12:349 INFO  LoginPage :55 - Clicking on login button [[ChromeDriver: chrome on windows (95fd40474a08e4f914f129d1efed704b)] -> xpath: //button[@type='submit']]
2023-12-19 00:12:37 INFO  LoginPage :45 - Enter the user name [[ChromeDriver: chrome on windows (f1f8e964c1a547aa1dfe8d92e0f3f8a6)] -> name: username]
2023-12-19 00:12:423 INFO  LoginPage :50 - Enter the password admin123
2023-12-19 00:12:403 INFO  LoginPage :55 - Clicking on login button [[ChromeDriver: chrome on windows (f1f8e964c1a547aa1dfe8d92e0f3f8a6)] -> xpath: //button[@type='submit']]
2023-12-19 00:12:806 INFO  HomePage :43 - Clicking on user profile [[ChromeDriver: chrome on windows (f1f8e964c1a547aa1dfe8d92e0f3f8a6)] -> xpath: //p[@class='oxd-userdropdown-name']]
2023-12-19 00:12:825 INFO  HomePage :48 - Clicking on logout button [[ChromeDriver: chrome on windows (f1f8e964c1a547aa1dfe8d92e0f3f8a6)] -> xpath: //a[normalize-space()='Logout']]
2023-12-19 00:12:84 INFO  HomePage :33 - Verifying login text [[ChromeDriver: chrome on windows (f1f8e964c1a547aa1dfe8d92e0f3f8a6)] -> xpath: //h5[@class='oxd-text oxd-text--h5 orangehrm-login-title']]
2023-12-19 00:12:355 INFO  LoginPage :45 - Enter the user name [[ChromeDriver: chrome on windows (9f9acec958271f38ec11b66015925f31)] -> name: username]
2023-12-19 00:12:456 INFO  LoginPage :50 - Enter the password 
2023-12-19 00:12:608 INFO  LoginPage :55 - Clicking on login button [[ChromeDriver: chrome on windows (9f9acec958271f38ec11b66015925f31)] -> xpath: //button[@type='submit']]
2023-12-19 00:12:570 INFO  LoginPage :45 - Enter the user name [[ChromeDriver: chrome on windows (12dd45c53181f4db56021ded155f62f7)] -> name: username]
2023-12-19 00:12:668 INFO  LoginPage :50 - Enter the password 
2023-12-19 00:12:765 INFO  LoginPage :55 - Clicking on login button [[ChromeDriver: chrome on windows (12dd45c53181f4db56021ded155f62f7)] -> xpath: //button[@type='submit']]
2023-12-19 00:12:11 INFO  LoginPage :45 - Enter the user name [[ChromeDriver: chrome on windows (c5db0174812029eb1d73caeac432db8f)] -> name: username]
2023-12-19 00:12:411 INFO  LoginPage :50 - Enter the password test123
2023-12-19 00:12:487 INFO  LoginPage :55 - Clicking on login button [[ChromeDriver: chrome on windows (c5db0174812029eb1d73caeac432db8f)] -> xpath: //button[@type='submit']]
2023-12-19 00:12:601 INFO  LoginPage :45 - Enter the user name [[ChromeDriver: chrome on windows (62e4da2f65699713ca4e92a9c612fda5)] -> name: username]
2023-12-19 00:12:898 INFO  LoginPage :50 - Enter the password test123
2023-12-19 00:12:336 INFO  LoginPage :55 - Clicking on login button [[ChromeDriver: chrome on windows (62e4da2f65699713ca4e92a9c612fda5)] -> xpath: //button[@type='submit']]
2023-12-19 00:12:950 INFO  LoginPage :45 - Enter the user name [[ChromeDriver: chrome on windows (5aa0e23970513a10be78561019afb532)] -> name: username]
2023-12-19 00:12:95 INFO  LoginPage :50 - Enter the password admin123
2023-12-19 00:12:180 INFO  LoginPage :55 - Clicking on login button [[ChromeDriver: chrome on windows (5aa0e23970513a10be78561019afb532)] -> xpath: //button[@type='submit']]
2023-12-19 00:12:94 INFO  AdminPage :33 - Clicking on admin [[ChromeDriver: chrome on windows (5aa0e23970513a10be78561019afb532)] -> xpath: //body/div[@id='app']/div[1]/div[1]/aside[1]/nav[1]/div[2]/ul[1]/li[1]/a[1]/span[1]]
2023-12-19 00:12:207 INFO  AdminPage :38 - Clicking on add button [[ChromeDriver: chrome on windows (5aa0e23970513a10be78561019afb532)] -> xpath: //button[normalize-space()='Add']]
2023-12-19 00:12:60 INFO  AddUserPage :91 - Enter the employee name [[ChromeDriver: chrome on windows (5aa0e23970513a10be78561019afb532)] -> xpath: //input[@placeholder='Type for hints...']]
2023-12-19 00:12:211 INFO  AddUserPage :100 - Enter the user name [[ChromeDriver: chrome on windows (5aa0e23970513a10be78561019afb532)] -> xpath: //input[@class='oxd-input oxd-input--focus']]
2023-12-19 00:12:433 INFO  LoginPage :45 - Enter the user name [[ChromeDriver: chrome on windows (228f0c213c77b9688a907fb815478513)] -> name: username]
2023-12-19 00:12:598 INFO  LoginPage :50 - Enter the password admin123
2023-12-19 00:12:486 INFO  LoginPage :55 - Clicking on login button [[ChromeDriver: chrome on windows (228f0c213c77b9688a907fb815478513)] -> xpath: //button[@type='submit']]
2023-12-19 00:12:639 INFO  AdminPage :33 - Clicking on admin [[ChromeDriver: chrome on windows (228f0c213c77b9688a907fb815478513)] -> xpath: //body/div[@id='app']/div[1]/div[1]/aside[1]/nav[1]/div[2]/ul[1]/li[1]/a[1]/span[1]]
2023-12-19 00:12:295 INFO  ViewSystemUsersPage :101 - Enter the user name [[ChromeDriver: chrome on windows (228f0c213c77b9688a907fb815478513)] -> xpath: //div[@class='oxd-input-group oxd-input-field-bottom-space']//div//input[@class='oxd-input oxd-input--active']]
2023-12-19 00:12:382 INFO  ViewSystemUsersPage :147 - Enter the search [[ChromeDriver: chrome on windows (228f0c213c77b9688a907fb815478513)] -> xpath: //button[normalize-space()='Search']]
2023-12-19 00:12:828 INFO  LoginPage :45 - Enter the user name [[ChromeDriver: chrome on windows (8d0836d719ba7ade504a24421f134f58)] -> name: username]
2023-12-19 00:12:979 INFO  LoginPage :50 - Enter the password admin123
2023-12-19 00:12:85 INFO  LoginPage :55 - Clicking on login button [[ChromeDriver: chrome on windows (8d0836d719ba7ade504a24421f134f58)] -> xpath: //button[@type='submit']]
2023-12-19 00:12:80 INFO  AdminPage :33 - Clicking on admin [[ChromeDriver: chrome on windows (8d0836d719ba7ade504a24421f134f58)] -> xpath: //body/div[@id='app']/div[1]/div[1]/aside[1]/nav[1]/div[2]/ul[1]/li[1]/a[1]/span[1]]
2023-12-19 00:12:723 INFO  ViewSystemUsersPage :101 - Enter the user name [[ChromeDriver: chrome on windows (8d0836d719ba7ade504a24421f134f58)] -> xpath: //div[@class='oxd-input-group oxd-input-field-bottom-space']//div//input[@class='oxd-input oxd-input--active']]
2023-12-19 00:12:807 INFO  ViewSystemUsersPage :147 - Enter the search [[ChromeDriver: chrome on windows (8d0836d719ba7ade504a24421f134f58)] -> xpath: //button[normalize-space()='Search']]
2023-12-19 00:12:57 INFO  LoginPage :45 - Enter the user name [[ChromeDriver: chrome on windows (ad19167faea49d5120570ad2eb063a06)] -> name: username]
2023-12-19 00:12:287 INFO  LoginPage :50 - Enter the password admin123
2023-12-19 00:12:388 INFO  LoginPage :55 - Clicking on login button [[ChromeDriver: chrome on windows (ad19167faea49d5120570ad2eb063a06)] -> xpath: //button[@type='submit']]
2023-12-19 00:12:601 INFO  AdminPage :33 - Clicking on admin [[ChromeDriver: chrome on windows (ad19167faea49d5120570ad2eb063a06)] -> xpath: //body/div[@id='app']/div[1]/div[1]/aside[1]/nav[1]/div[2]/ul[1]/li[1]/a[1]/span[1]]
2023-12-19 00:12:131 INFO  ViewSystemUsersPage :101 - Enter the user name [[ChromeDriver: chrome on windows (ad19167faea49d5120570ad2eb063a06)] -> xpath: //div[@class='oxd-input-group oxd-input-field-bottom-space']//div//input[@class='oxd-input oxd-input--active']]
2023-12-19 00:12:433 INFO  ViewSystemUsersPage :147 - Enter the search [[ChromeDriver: chrome on windows (ad19167faea49d5120570ad2eb063a06)] -> xpath: //button[normalize-space()='Search']]
2023-12-19 00:12:737 INFO  ViewSystemUsersPage :172 - Clicking on reset button [[ChromeDriver: chrome on windows (ad19167faea49d5120570ad2eb063a06)] -> xpath: //button[normalize-space()='Reset']]
2023-12-19 00:12:575 INFO  LoginPage :45 - Enter the user name [[ChromeDriver: chrome on windows (1ae00d4106803e40972e284178c74fcc)] -> name: username]
2023-12-19 00:12:791 INFO  LoginPage :50 - Enter the password admin123
2023-12-19 00:12:869 INFO  LoginPage :55 - Clicking on login button [[ChromeDriver: chrome on windows (1ae00d4106803e40972e284178c74fcc)] -> xpath: //button[@type='submit']]
2023-12-19 00:12:128 INFO  AdminPage :33 - Clicking on admin [[ChromeDriver: chrome on windows (1ae00d4106803e40972e284178c74fcc)] -> xpath: //body/div[@id='app']/div[1]/div[1]/aside[1]/nav[1]/div[2]/ul[1]/li[1]/a[1]/span[1]]
2023-12-19 00:12:552 INFO  ViewSystemUsersPage :101 - Enter the user name [[ChromeDriver: chrome on windows (1ae00d4106803e40972e284178c74fcc)] -> xpath: //div[@class='oxd-input-group oxd-input-field-bottom-space']//div//input[@class='oxd-input oxd-input--active']]
2023-12-19 00:12:691 INFO  ViewSystemUsersPage :147 - Enter the search [[ChromeDriver: chrome on windows (1ae00d4106803e40972e284178c74fcc)] -> xpath: //button[normalize-space()='Search']]
2023-12-19 00:12:462 INFO  LoginPage :45 - Enter the user name [[ChromeDriver: chrome on windows (4cf4f0ebf1122285095ceb880c5bbe5b)] -> name: username]
2023-12-19 00:12:783 INFO  LoginPage :50 - Enter the password admin123
2023-12-19 00:12:859 INFO  LoginPage :55 - Clicking on login button [[ChromeDriver: chrome on windows (4cf4f0ebf1122285095ceb880c5bbe5b)] -> xpath: //button[@type='submit']]
2023-12-19 00:12:221 INFO  AdminPage :33 - Clicking on admin [[ChromeDriver: chrome on windows (4cf4f0ebf1122285095ceb880c5bbe5b)] -> xpath: //body/div[@id='app']/div[1]/div[1]/aside[1]/nav[1]/div[2]/ul[1]/li[1]/a[1]/span[1]]
2023-12-19 00:12:653 INFO  ViewSystemUsersPage :101 - Enter the user name [[ChromeDriver: chrome on windows (4cf4f0ebf1122285095ceb880c5bbe5b)] -> xpath: //div[@class='oxd-input-group oxd-input-field-bottom-space']//div//input[@class='oxd-input oxd-input--active']]
2023-12-19 00:12:931 INFO  ViewSystemUsersPage :147 - Enter the search [[ChromeDriver: chrome on windows (4cf4f0ebf1122285095ceb880c5bbe5b)] -> xpath: //button[normalize-space()='Search']]
2023-12-19 00:12:955 INFO  LoginPage :45 - Enter the user name [[ChromeDriver: chrome on windows (8740ad62b4f171a985a89623e9f6acc0)] -> name: username]
2023-12-19 00:12:171 INFO  LoginPage :50 - Enter the password admin123
2023-12-19 00:12:257 INFO  LoginPage :55 - Clicking on login button [[ChromeDriver: chrome on windows (8740ad62b4f171a985a89623e9f6acc0)] -> xpath: //button[@type='submit']]
2023-12-19 00:12:387 INFO  AdminPage :33 - Clicking on admin [[ChromeDriver: chrome on windows (8740ad62b4f171a985a89623e9f6acc0)] -> xpath: //body/div[@id='app']/div[1]/div[1]/aside[1]/nav[1]/div[2]/ul[1]/li[1]/a[1]/span[1]]
2023-12-19 00:12:48 INFO  ViewSystemUsersPage :101 - Enter the user name [[ChromeDriver: chrome on windows (8740ad62b4f171a985a89623e9f6acc0)] -> xpath: //div[@class='oxd-input-group oxd-input-field-bottom-space']//div//input[@class='oxd-input oxd-input--active']]
2023-12-19 00:12:346 INFO  ViewSystemUsersPage :147 - Enter the search [[ChromeDriver: chrome on windows (8740ad62b4f171a985a89623e9f6acc0)] -> xpath: //button[normalize-space()='Search']]
2023-12-19 19:12:120 INFO  LoginPage :45 - Enter the user name [[ChromeDriver: chrome on windows (aa425799b61eda6c061cd8239bedf915)] -> name: username]
2023-12-19 19:12:573 INFO  LoginPage :50 - Enter the password admin123
2023-12-19 19:12:723 INFO  LoginPage :55 - Clicking on login button [[ChromeDriver: chrome on windows (aa425799b61eda6c061cd8239bedf915)] -> xpath: //button[@type='submit']]
2023-12-19 19:12:202 INFO  LoginPage :45 - Enter the user name [[ChromeDriver: chrome on windows (59a10e62c3745d91dd6edc15e8688a90)] -> name: username]
2023-12-19 19:12:651 INFO  LoginPage :50 - Enter the password admin123
2023-12-19 19:12:603 INFO  LoginPage :55 - Clicking on login button [[ChromeDriver: chrome on windows (59a10e62c3745d91dd6edc15e8688a90)] -> xpath: //button[@type='submit']]
2023-12-19 19:12:795 INFO  LoginPage :45 - Enter the user name [[ChromeDriver: chrome on windows (05da45ab77864df626743e0f0b8e1e65)] -> name: username]
2023-12-19 19:12:176 INFO  LoginPage :50 - Enter the password admin123
2023-12-19 19:12:275 INFO  LoginPage :55 - Clicking on login button [[ChromeDriver: chrome on windows (05da45ab77864df626743e0f0b8e1e65)] -> xpath: //button[@type='submit']]
2023-12-19 19:12:845 INFO  HomePage :43 - Clicking on user profile [[ChromeDriver: chrome on windows (05da45ab77864df626743e0f0b8e1e65)] -> xpath: //p[@class='oxd-userdropdown-name']]
2023-12-19 19:12:681 INFO  HomePage :48 - Clicking on logout button [[ChromeDriver: chrome on windows (05da45ab77864df626743e0f0b8e1e65)] -> xpath: //a[normalize-space()='Logout']]
2023-12-19 19:12:89 INFO  HomePage :33 - Verifying login text [[ChromeDriver: chrome on windows (05da45ab77864df626743e0f0b8e1e65)] -> xpath: //h5[@class='oxd-text oxd-text--h5 orangehrm-login-title']]
2023-12-19 19:12:897 INFO  LoginPage :45 - Enter the user name [[ChromeDriver: chrome on windows (223b6e73731ee243053d9ad7c04a34da)] -> name: username]
2023-12-19 19:12:51 INFO  LoginPage :50 - Enter the password 
2023-12-19 19:12:365 INFO  LoginPage :55 - Clicking on login button [[ChromeDriver: chrome on windows (223b6e73731ee243053d9ad7c04a34da)] -> xpath: //button[@type='submit']]
2023-12-19 19:12:771 INFO  LoginPage :45 - Enter the user name [[ChromeDriver: chrome on windows (d9be8c71e3b5d9508301b36525913487)] -> name: username]
2023-12-19 19:12:125 INFO  LoginPage :50 - Enter the password 
2023-12-19 19:12:251 INFO  LoginPage :55 - Clicking on login button [[ChromeDriver: chrome on windows (d9be8c71e3b5d9508301b36525913487)] -> xpath: //button[@type='submit']]
2023-12-19 19:12:873 INFO  LoginPage :45 - Enter the user name [[ChromeDriver: chrome on windows (8ed4da771a1521b8d747bf3d8064725b)] -> name: username]
2023-12-19 19:12:53 INFO  LoginPage :50 - Enter the password test123
2023-12-19 19:12:156 INFO  LoginPage :55 - Clicking on login button [[ChromeDriver: chrome on windows (8ed4da771a1521b8d747bf3d8064725b)] -> xpath: //button[@type='submit']]
2023-12-19 19:12:253 INFO  LoginPage :45 - Enter the user name [[ChromeDriver: chrome on windows (f9565c98a2e164c890a5443a2dfd4c02)] -> name: username]
2023-12-19 19:12:416 INFO  LoginPage :50 - Enter the password test123
2023-12-19 19:12:86 INFO  LoginPage :55 - Clicking on login button [[ChromeDriver: chrome on windows (f9565c98a2e164c890a5443a2dfd4c02)] -> xpath: //button[@type='submit']]
2023-12-19 19:12:721 INFO  LoginPage :45 - Enter the user name [[ChromeDriver: chrome on windows (879e388e5e3485580ff740844fffff96)] -> name: username]
2023-12-19 19:12:238 INFO  LoginPage :50 - Enter the password admin123
2023-12-19 19:12:232 INFO  LoginPage :55 - Clicking on login button [[ChromeDriver: chrome on windows (879e388e5e3485580ff740844fffff96)] -> xpath: //button[@type='submit']]
2023-12-19 19:12:681 INFO  AdminPage :33 - Clicking on admin [[ChromeDriver: chrome on windows (879e388e5e3485580ff740844fffff96)] -> xpath: //body/div[@id='app']/div[1]/div[1]/aside[1]/nav[1]/div[2]/ul[1]/li[1]/a[1]/span[1]]
2023-12-19 19:12:928 INFO  AdminPage :38 - Clicking on add button [[ChromeDriver: chrome on windows (879e388e5e3485580ff740844fffff96)] -> xpath: //button[normalize-space()='Add']]
2023-12-19 19:12:919 INFO  AddUserPage :91 - Enter the employee name [[ChromeDriver: chrome on windows (879e388e5e3485580ff740844fffff96)] -> xpath: //input[@placeholder='Type for hints...']]
2023-12-19 19:12:69 INFO  AddUserPage :100 - Enter the user name [[ChromeDriver: chrome on windows (879e388e5e3485580ff740844fffff96)] -> xpath: //input[@class='oxd-input oxd-input--focus']]
2023-12-19 19:12:658 INFO  LoginPage :45 - Enter the user name [[ChromeDriver: chrome on windows (04bcf91fb93dfa9baff33d498341aadf)] -> name: username]
2023-12-19 19:12:812 INFO  LoginPage :50 - Enter the password admin123
2023-12-19 19:12:857 INFO  LoginPage :55 - Clicking on login button [[ChromeDriver: chrome on windows (04bcf91fb93dfa9baff33d498341aadf)] -> xpath: //button[@type='submit']]
2023-12-19 19:12:261 INFO  AdminPage :33 - Clicking on admin [[ChromeDriver: chrome on windows (04bcf91fb93dfa9baff33d498341aadf)] -> xpath: //body/div[@id='app']/div[1]/div[1]/aside[1]/nav[1]/div[2]/ul[1]/li[1]/a[1]/span[1]]
2023-12-19 19:12:19 INFO  ViewSystemUsersPage :101 - Enter the user name [[ChromeDriver: chrome on windows (04bcf91fb93dfa9baff33d498341aadf)] -> xpath: //div[@class='oxd-input-group oxd-input-field-bottom-space']//div//input[@class='oxd-input oxd-input--active']]
2023-12-19 19:12:121 INFO  ViewSystemUsersPage :147 - Enter the search [[ChromeDriver: chrome on windows (04bcf91fb93dfa9baff33d498341aadf)] -> xpath: //button[normalize-space()='Search']]
2023-12-19 19:12:901 INFO  LoginPage :45 - Enter the user name [[ChromeDriver: chrome on windows (b0491f77d69feecb4b26be7d75aa75c7)] -> name: username]
2023-12-19 19:12:408 INFO  LoginPage :50 - Enter the password admin123
2023-12-19 19:12:382 INFO  LoginPage :55 - Clicking on login button [[ChromeDriver: chrome on windows (b0491f77d69feecb4b26be7d75aa75c7)] -> xpath: //button[@type='submit']]
2023-12-19 19:12:901 INFO  AdminPage :33 - Clicking on admin [[ChromeDriver: chrome on windows (b0491f77d69feecb4b26be7d75aa75c7)] -> xpath: //body/div[@id='app']/div[1]/div[1]/aside[1]/nav[1]/div[2]/ul[1]/li[1]/a[1]/span[1]]
2023-12-19 19:12:519 INFO  ViewSystemUsersPage :101 - Enter the user name [[ChromeDriver: chrome on windows (b0491f77d69feecb4b26be7d75aa75c7)] -> xpath: //div[@class='oxd-input-group oxd-input-field-bottom-space']//div//input[@class='oxd-input oxd-input--active']]
2023-12-19 19:12:612 INFO  ViewSystemUsersPage :147 - Enter the search [[ChromeDriver: chrome on windows (b0491f77d69feecb4b26be7d75aa75c7)] -> xpath: //button[normalize-space()='Search']]
2023-12-19 19:12:621 INFO  LoginPage :45 - Enter the user name [[ChromeDriver: chrome on windows (6d5aeb9e4c020a82a380c0382df9547a)] -> name: username]
2023-12-19 19:12:772 INFO  LoginPage :50 - Enter the password admin123
2023-12-19 19:12:889 INFO  LoginPage :55 - Clicking on login button [[ChromeDriver: chrome on windows (6d5aeb9e4c020a82a380c0382df9547a)] -> xpath: //button[@type='submit']]
2023-12-19 19:12:487 INFO  AdminPage :33 - Clicking on admin [[ChromeDriver: chrome on windows (6d5aeb9e4c020a82a380c0382df9547a)] -> xpath: //body/div[@id='app']/div[1]/div[1]/aside[1]/nav[1]/div[2]/ul[1]/li[1]/a[1]/span[1]]
2023-12-19 19:12:248 INFO  ViewSystemUsersPage :101 - Enter the user name [[ChromeDriver: chrome on windows (6d5aeb9e4c020a82a380c0382df9547a)] -> xpath: //div[@class='oxd-input-group oxd-input-field-bottom-space']//div//input[@class='oxd-input oxd-input--active']]
2023-12-19 19:12:523 INFO  ViewSystemUsersPage :147 - Enter the search [[ChromeDriver: chrome on windows (6d5aeb9e4c020a82a380c0382df9547a)] -> xpath: //button[normalize-space()='Search']]
2023-12-19 19:12:840 INFO  ViewSystemUsersPage :172 - Clicking on reset button [[ChromeDriver: chrome on windows (6d5aeb9e4c020a82a380c0382df9547a)] -> xpath: //button[normalize-space()='Reset']]
2023-12-19 19:12:496 INFO  LoginPage :45 - Enter the user name [[ChromeDriver: chrome on windows (740743691f90851e4a7b04127f381b98)] -> name: username]
2023-12-19 19:12:711 INFO  LoginPage :50 - Enter the password admin123
2023-12-19 19:12:915 INFO  LoginPage :55 - Clicking on login button [[ChromeDriver: chrome on windows (740743691f90851e4a7b04127f381b98)] -> xpath: //button[@type='submit']]
2023-12-19 19:12:324 INFO  AdminPage :33 - Clicking on admin [[ChromeDriver: chrome on windows (740743691f90851e4a7b04127f381b98)] -> xpath: //body/div[@id='app']/div[1]/div[1]/aside[1]/nav[1]/div[2]/ul[1]/li[1]/a[1]/span[1]]
2023-12-19 19:12:141 INFO  ViewSystemUsersPage :101 - Enter the user name [[ChromeDriver: chrome on windows (740743691f90851e4a7b04127f381b98)] -> xpath: //div[@class='oxd-input-group oxd-input-field-bottom-space']//div//input[@class='oxd-input oxd-input--active']]
2023-12-19 19:12:337 INFO  ViewSystemUsersPage :147 - Enter the search [[ChromeDriver: chrome on windows (740743691f90851e4a7b04127f381b98)] -> xpath: //button[normalize-space()='Search']]
2023-12-19 19:12:161 INFO  LoginPage :45 - Enter the user name [[ChromeDriver: chrome on windows (77d326400edc9820d792d82ee4d2a2ba)] -> name: username]
2023-12-19 19:12:340 INFO  LoginPage :50 - Enter the password admin123
2023-12-19 19:12:518 INFO  LoginPage :55 - Clicking on login button [[ChromeDriver: chrome on windows (77d326400edc9820d792d82ee4d2a2ba)] -> xpath: //button[@type='submit']]
2023-12-19 19:12:100 INFO  AdminPage :33 - Clicking on admin [[ChromeDriver: chrome on windows (77d326400edc9820d792d82ee4d2a2ba)] -> xpath: //body/div[@id='app']/div[1]/div[1]/aside[1]/nav[1]/div[2]/ul[1]/li[1]/a[1]/span[1]]
2023-12-19 19:12:991 INFO  ViewSystemUsersPage :101 - Enter the user name [[ChromeDriver: chrome on windows (77d326400edc9820d792d82ee4d2a2ba)] -> xpath: //div[@class='oxd-input-group oxd-input-field-bottom-space']//div//input[@class='oxd-input oxd-input--active']]
2023-12-19 19:12:208 INFO  ViewSystemUsersPage :147 - Enter the search [[ChromeDriver: chrome on windows (77d326400edc9820d792d82ee4d2a2ba)] -> xpath: //button[normalize-space()='Search']]
2023-12-19 19:12:149 INFO  LoginPage :45 - Enter the user name [[ChromeDriver: chrome on windows (7f2dfaf8f52053cb16ff3782828bd0ec)] -> name: username]
2023-12-19 19:12:313 INFO  LoginPage :50 - Enter the password admin123
2023-12-19 19:12:408 INFO  LoginPage :55 - Clicking on login button [[ChromeDriver: chrome on windows (7f2dfaf8f52053cb16ff3782828bd0ec)] -> xpath: //button[@type='submit']]
2023-12-19 19:12:146 INFO  AdminPage :33 - Clicking on admin [[ChromeDriver: chrome on windows (7f2dfaf8f52053cb16ff3782828bd0ec)] -> xpath: //body/div[@id='app']/div[1]/div[1]/aside[1]/nav[1]/div[2]/ul[1]/li[1]/a[1]/span[1]]
2023-12-19 19:12:884 INFO  ViewSystemUsersPage :101 - Enter the user name [[ChromeDriver: chrome on windows (7f2dfaf8f52053cb16ff3782828bd0ec)] -> xpath: //div[@class='oxd-input-group oxd-input-field-bottom-space']//div//input[@class='oxd-input oxd-input--active']]
2023-12-19 19:12:335 INFO  ViewSystemUsersPage :147 - Enter the search [[ChromeDriver: chrome on windows (7f2dfaf8f52053cb16ff3782828bd0ec)] -> xpath: //button[normalize-space()='Search']]
2023-12-19 19:12:163 INFO  LoginPage :45 - Enter the user name [[ChromeDriver: chrome on windows (c1b883fb76a4d0ad51ea140835342414)] -> name: username]
2023-12-19 19:12:322 INFO  LoginPage :50 - Enter the password admin123
2023-12-19 19:12:431 INFO  LoginPage :55 - Clicking on login button [[ChromeDriver: chrome on windows (c1b883fb76a4d0ad51ea140835342414)] -> xpath: //button[@type='submit']]
2023-12-19 19:12:420 INFO  LoginPage :45 - Enter the user name [[ChromeDriver: chrome on windows (4883ae6bf6487a66ac37a4b5a1920d95)] -> name: username]
2023-12-19 19:12:564 INFO  LoginPage :50 - Enter the password admin123
2023-12-19 19:12:676 INFO  LoginPage :55 - Clicking on login button [[ChromeDriver: chrome on windows (4883ae6bf6487a66ac37a4b5a1920d95)] -> xpath: //button[@type='submit']]
2023-12-19 19:12:824 INFO  LoginPage :45 - Enter the user name [[ChromeDriver: chrome on windows (b3ddd37c457f88fd95af04bc0082926f)] -> name: username]
2023-12-19 19:12:315 INFO  LoginPage :50 - Enter the password admin123
2023-12-19 19:12:430 INFO  LoginPage :55 - Clicking on login button [[ChromeDriver: chrome on windows (b3ddd37c457f88fd95af04bc0082926f)] -> xpath: //button[@type='submit']]
2023-12-19 19:12:804 INFO  HomePage :43 - Clicking on user profile [[ChromeDriver: chrome on windows (b3ddd37c457f88fd95af04bc0082926f)] -> xpath: //p[@class='oxd-userdropdown-name']]
2023-12-19 19:12:933 INFO  HomePage :48 - Clicking on logout button [[ChromeDriver: chrome on windows (b3ddd37c457f88fd95af04bc0082926f)] -> xpath: //a[normalize-space()='Logout']]
2023-12-19 19:12:229 INFO  HomePage :33 - Verifying login text [[ChromeDriver: chrome on windows (b3ddd37c457f88fd95af04bc0082926f)] -> xpath: //h5[@class='oxd-text oxd-text--h5 orangehrm-login-title']]
2023-12-19 19:12:215 INFO  LoginPage :45 - Enter the user name [[ChromeDriver: chrome on windows (ea04f72009a8378244d8158f00e6df35)] -> name: username]
2023-12-19 19:12:588 INFO  LoginPage :50 - Enter the password 
2023-12-19 19:12:730 INFO  LoginPage :55 - Clicking on login button [[ChromeDriver: chrome on windows (ea04f72009a8378244d8158f00e6df35)] -> xpath: //button[@type='submit']]
2023-12-19 19:12:584 INFO  LoginPage :45 - Enter the user name [[ChromeDriver: chrome on windows (eb9cd356fdab995c8b477455f1f2436c)] -> name: username]
2023-12-19 19:12:927 INFO  LoginPage :50 - Enter the password 
2023-12-19 19:12:33 INFO  LoginPage :55 - Clicking on login button [[ChromeDriver: chrome on windows (eb9cd356fdab995c8b477455f1f2436c)] -> xpath: //button[@type='submit']]
2023-12-19 19:12:809 INFO  LoginPage :45 - Enter the user name [[ChromeDriver: chrome on windows (a591fa177c49a2993d7a89754ad01b5d)] -> name: username]
2023-12-19 19:12:975 INFO  LoginPage :50 - Enter the password test123
2023-12-19 19:12:98 INFO  LoginPage :55 - Clicking on login button [[ChromeDriver: chrome on windows (a591fa177c49a2993d7a89754ad01b5d)] -> xpath: //button[@type='submit']]
2023-12-19 19:12:282 INFO  LoginPage :45 - Enter the user name [[ChromeDriver: chrome on windows (7542afbfa6bd8166ee03623b009b0856)] -> name: username]
2023-12-19 19:12:425 INFO  LoginPage :50 - Enter the password test123
2023-12-19 19:12:540 INFO  LoginPage :55 - Clicking on login button [[ChromeDriver: chrome on windows (7542afbfa6bd8166ee03623b009b0856)] -> xpath: //button[@type='submit']]
2023-12-19 19:12:944 INFO  LoginPage :45 - Enter the user name [[ChromeDriver: chrome on windows (84e9270addef3698e388b6c48da2f5a2)] -> name: username]
2023-12-19 19:12:221 INFO  LoginPage :50 - Enter the password admin123
2023-12-19 19:12:291 INFO  LoginPage :55 - Clicking on login button [[ChromeDriver: chrome on windows (84e9270addef3698e388b6c48da2f5a2)] -> xpath: //button[@type='submit']]
2023-12-19 19:12:795 INFO  AdminPage :33 - Clicking on admin [[ChromeDriver: chrome on windows (84e9270addef3698e388b6c48da2f5a2)] -> xpath: //body/div[@id='app']/div[1]/div[1]/aside[1]/nav[1]/div[2]/ul[1]/li[1]/a[1]/span[1]]
2023-12-19 19:12:71 INFO  AdminPage :38 - Clicking on add button [[ChromeDriver: chrome on windows (84e9270addef3698e388b6c48da2f5a2)] -> xpath: //button[normalize-space()='Add']]
2023-12-19 19:12:980 INFO  AddUserPage :91 - Enter the employee name [[ChromeDriver: chrome on windows (84e9270addef3698e388b6c48da2f5a2)] -> xpath: //input[@placeholder='Type for hints...']]
2023-12-19 19:12:201 INFO  AddUserPage :100 - Enter the user name [[ChromeDriver: chrome on windows (84e9270addef3698e388b6c48da2f5a2)] -> xpath: //input[@class='oxd-input oxd-input--focus']]
2023-12-19 19:12:869 INFO  LoginPage :45 - Enter the user name [[ChromeDriver: chrome on windows (3b7442466301c0a3c7b03d991ef76a30)] -> name: username]
2023-12-19 19:12:198 INFO  LoginPage :50 - Enter the password admin123
2023-12-19 19:12:231 INFO  LoginPage :55 - Clicking on login button [[ChromeDriver: chrome on windows (3b7442466301c0a3c7b03d991ef76a30)] -> xpath: //button[@type='submit']]
2023-12-19 19:12:617 INFO  AdminPage :33 - Clicking on admin [[ChromeDriver: chrome on windows (3b7442466301c0a3c7b03d991ef76a30)] -> xpath: //body/div[@id='app']/div[1]/div[1]/aside[1]/nav[1]/div[2]/ul[1]/li[1]/a[1]/span[1]]
2023-12-19 19:12:289 INFO  ViewSystemUsersPage :101 - Enter the user name [[ChromeDriver: chrome on windows (3b7442466301c0a3c7b03d991ef76a30)] -> xpath: //div[@class='oxd-input-group oxd-input-field-bottom-space']//div//input[@class='oxd-input oxd-input--active']]
2023-12-19 19:12:389 INFO  ViewSystemUsersPage :147 - Enter the search [[ChromeDriver: chrome on windows (3b7442466301c0a3c7b03d991ef76a30)] -> xpath: //button[normalize-space()='Search']]
2023-12-19 19:12:790 INFO  LoginPage :45 - Enter the user name [[ChromeDriver: chrome on windows (7f9fc79faf7ef2f89e8ca3d804673f72)] -> name: username]
2023-12-19 19:12:964 INFO  LoginPage :50 - Enter the password admin123
2023-12-19 19:12:445 INFO  LoginPage :55 - Clicking on login button [[ChromeDriver: chrome on windows (7f9fc79faf7ef2f89e8ca3d804673f72)] -> xpath: //button[@type='submit']]
2023-12-19 19:12:825 INFO  AdminPage :33 - Clicking on admin [[ChromeDriver: chrome on windows (7f9fc79faf7ef2f89e8ca3d804673f72)] -> xpath: //body/div[@id='app']/div[1]/div[1]/aside[1]/nav[1]/div[2]/ul[1]/li[1]/a[1]/span[1]]
2023-12-19 19:12:579 INFO  ViewSystemUsersPage :101 - Enter the user name [[ChromeDriver: chrome on windows (7f9fc79faf7ef2f89e8ca3d804673f72)] -> xpath: //div[@class='oxd-input-group oxd-input-field-bottom-space']//div//input[@class='oxd-input oxd-input--active']]
2023-12-19 19:12:723 INFO  ViewSystemUsersPage :147 - Enter the search [[ChromeDriver: chrome on windows (7f9fc79faf7ef2f89e8ca3d804673f72)] -> xpath: //button[normalize-space()='Search']]
2023-12-19 19:12:738 INFO  LoginPage :45 - Enter the user name [[ChromeDriver: chrome on windows (d7c15dd0d2b7fb93dcc10a0210ce758f)] -> name: username]
2023-12-19 19:12:933 INFO  LoginPage :50 - Enter the password admin123
2023-12-19 19:12:921 INFO  LoginPage :55 - Clicking on login button [[ChromeDriver: chrome on windows (d7c15dd0d2b7fb93dcc10a0210ce758f)] -> xpath: //button[@type='submit']]
2023-12-19 19:12:335 INFO  AdminPage :33 - Clicking on admin [[ChromeDriver: chrome on windows (d7c15dd0d2b7fb93dcc10a0210ce758f)] -> xpath: //body/div[@id='app']/div[1]/div[1]/aside[1]/nav[1]/div[2]/ul[1]/li[1]/a[1]/span[1]]
2023-12-19 19:12:148 INFO  ViewSystemUsersPage :101 - Enter the user name [[ChromeDriver: chrome on windows (d7c15dd0d2b7fb93dcc10a0210ce758f)] -> xpath: //div[@class='oxd-input-group oxd-input-field-bottom-space']//div//input[@class='oxd-input oxd-input--active']]
2023-12-19 19:12:384 INFO  ViewSystemUsersPage :147 - Enter the search [[ChromeDriver: chrome on windows (d7c15dd0d2b7fb93dcc10a0210ce758f)] -> xpath: //button[normalize-space()='Search']]
2023-12-19 19:12:710 INFO  ViewSystemUsersPage :172 - Clicking on reset button [[ChromeDriver: chrome on windows (d7c15dd0d2b7fb93dcc10a0210ce758f)] -> xpath: //button[normalize-space()='Reset']]
2023-12-19 19:12:306 INFO  LoginPage :45 - Enter the user name [[ChromeDriver: chrome on windows (fa24b251b9c6891160e28befc4a7a47c)] -> name: username]
2023-12-19 19:12:451 INFO  LoginPage :50 - Enter the password admin123
2023-12-19 19:12:574 INFO  LoginPage :55 - Clicking on login button [[ChromeDriver: chrome on windows (fa24b251b9c6891160e28befc4a7a47c)] -> xpath: //button[@type='submit']]
2023-12-19 19:12:889 INFO  AdminPage :33 - Clicking on admin [[ChromeDriver: chrome on windows (fa24b251b9c6891160e28befc4a7a47c)] -> xpath: //body/div[@id='app']/div[1]/div[1]/aside[1]/nav[1]/div[2]/ul[1]/li[1]/a[1]/span[1]]
2023-12-19 19:12:736 INFO  ViewSystemUsersPage :101 - Enter the user name [[ChromeDriver: chrome on windows (fa24b251b9c6891160e28befc4a7a47c)] -> xpath: //div[@class='oxd-input-group oxd-input-field-bottom-space']//div//input[@class='oxd-input oxd-input--active']]
2023-12-19 19:12:932 INFO  ViewSystemUsersPage :147 - Enter the search [[ChromeDriver: chrome on windows (fa24b251b9c6891160e28befc4a7a47c)] -> xpath: //button[normalize-space()='Search']]
2023-12-19 19:12:16 INFO  LoginPage :45 - Enter the user name [[ChromeDriver: chrome on windows (bf97829cd8c6e288178c10e108b979b1)] -> name: username]
2023-12-19 19:12:156 INFO  LoginPage :50 - Enter the password admin123
2023-12-19 19:12:165 INFO  LoginPage :55 - Clicking on login button [[ChromeDriver: chrome on windows (bf97829cd8c6e288178c10e108b979b1)] -> xpath: //button[@type='submit']]
2023-12-19 19:12:746 INFO  AdminPage :33 - Clicking on admin [[ChromeDriver: chrome on windows (bf97829cd8c6e288178c10e108b979b1)] -> xpath: //body/div[@id='app']/div[1]/div[1]/aside[1]/nav[1]/div[2]/ul[1]/li[1]/a[1]/span[1]]
2023-12-19 19:12:459 INFO  ViewSystemUsersPage :101 - Enter the user name [[ChromeDriver: chrome on windows (bf97829cd8c6e288178c10e108b979b1)] -> xpath: //div[@class='oxd-input-group oxd-input-field-bottom-space']//div//input[@class='oxd-input oxd-input--active']]
2023-12-19 19:12:998 INFO  ViewSystemUsersPage :147 - Enter the search [[ChromeDriver: chrome on windows (bf97829cd8c6e288178c10e108b979b1)] -> xpath: //button[normalize-space()='Search']]
2023-12-19 19:12:516 INFO  LoginPage :45 - Enter the user name [[ChromeDriver: chrome on windows (c918d4afd55234395b20371c3ae92aee)] -> name: username]
2023-12-19 19:12:671 INFO  LoginPage :50 - Enter the password admin123
2023-12-19 19:12:685 INFO  LoginPage :55 - Clicking on login button [[ChromeDriver: chrome on windows (c918d4afd55234395b20371c3ae92aee)] -> xpath: //button[@type='submit']]
2023-12-19 19:12:124 INFO  AdminPage :33 - Clicking on admin [[ChromeDriver: chrome on windows (c918d4afd55234395b20371c3ae92aee)] -> xpath: //body/div[@id='app']/div[1]/div[1]/aside[1]/nav[1]/div[2]/ul[1]/li[1]/a[1]/span[1]]
2023-12-19 19:12:01 INFO  ViewSystemUsersPage :101 - Enter the user name [[ChromeDriver: chrome on windows (c918d4afd55234395b20371c3ae92aee)] -> xpath: //div[@class='oxd-input-group oxd-input-field-bottom-space']//div//input[@class='oxd-input oxd-input--active']]
2023-12-19 19:12:203 INFO  ViewSystemUsersPage :147 - Enter the search [[ChromeDriver: chrome on windows (c918d4afd55234395b20371c3ae92aee)] -> xpath: //button[normalize-space()='Search']]
2023-12-19 20:12:507 INFO  LoginPage :45 - Enter the user name [[ChromeDriver: chrome on windows (b757befced49f0cf4af706bd0e6a3beb)] -> name: username]
2023-12-19 20:12:651 INFO  LoginPage :50 - Enter the password admin123
2023-12-19 20:12:770 INFO  LoginPage :55 - Clicking on login button [[ChromeDriver: chrome on windows (b757befced49f0cf4af706bd0e6a3beb)] -> xpath: //button[@type='submit']]
2023-12-19 20:12:99 INFO  LoginPage :45 - Enter the user name [[ChromeDriver: chrome on windows (17ec91375b5458fe03895f18529656f3)] -> name: username]
2023-12-19 20:12:318 INFO  LoginPage :50 - Enter the password admin123
2023-12-19 20:12:353 INFO  LoginPage :55 - Clicking on login button [[ChromeDriver: chrome on windows (17ec91375b5458fe03895f18529656f3)] -> xpath: //button[@type='submit']]
2023-12-19 20:12:12 INFO  LoginPage :45 - Enter the user name [[ChromeDriver: chrome on windows (9f6c60bbde2b136046ae3cb8bd70a6e6)] -> name: username]
2023-12-19 20:12:347 INFO  LoginPage :50 - Enter the password admin123
2023-12-19 20:12:405 INFO  LoginPage :55 - Clicking on login button [[ChromeDriver: chrome on windows (9f6c60bbde2b136046ae3cb8bd70a6e6)] -> xpath: //button[@type='submit']]
2023-12-19 20:12:902 INFO  HomePage :43 - Clicking on user profile [[ChromeDriver: chrome on windows (9f6c60bbde2b136046ae3cb8bd70a6e6)] -> xpath: //p[@class='oxd-userdropdown-name']]
2023-12-19 20:12:114 INFO  HomePage :48 - Clicking on logout button [[ChromeDriver: chrome on windows (9f6c60bbde2b136046ae3cb8bd70a6e6)] -> xpath: //a[normalize-space()='Logout']]
2023-12-19 20:12:434 INFO  HomePage :33 - Verifying login text [[ChromeDriver: chrome on windows (9f6c60bbde2b136046ae3cb8bd70a6e6)] -> xpath: //h5[@class='oxd-text oxd-text--h5 orangehrm-login-title']]
2023-12-19 20:12:371 INFO  LoginPage :45 - Enter the user name [[ChromeDriver: chrome on windows (fdd68efd1f594aad457784f28b837144)] -> name: username]
2023-12-19 20:12:820 INFO  LoginPage :50 - Enter the password 
2023-12-19 20:12:936 INFO  LoginPage :55 - Clicking on login button [[ChromeDriver: chrome on windows (fdd68efd1f594aad457784f28b837144)] -> xpath: //button[@type='submit']]
2023-12-19 20:12:669 INFO  LoginPage :45 - Enter the user name [[ChromeDriver: chrome on windows (38159bc259af4c490c326658086ab844)] -> name: username]
2023-12-19 20:12:64 INFO  LoginPage :50 - Enter the password 
2023-12-19 20:12:165 INFO  LoginPage :55 - Clicking on login button [[ChromeDriver: chrome on windows (38159bc259af4c490c326658086ab844)] -> xpath: //button[@type='submit']]
2023-12-19 20:12:815 INFO  LoginPage :45 - Enter the user name [[ChromeDriver: chrome on windows (f06229ac2611b015fd168174b16b441d)] -> name: username]
2023-12-19 20:12:972 INFO  LoginPage :50 - Enter the password test123
2023-12-19 20:12:79 INFO  LoginPage :55 - Clicking on login button [[ChromeDriver: chrome on windows (f06229ac2611b015fd168174b16b441d)] -> xpath: //button[@type='submit']]
2023-12-19 20:12:620 INFO  LoginPage :45 - Enter the user name [[ChromeDriver: chrome on windows (15b39e25d51a20dfd9e8b093db0fa265)] -> name: username]
2023-12-19 20:12:783 INFO  LoginPage :50 - Enter the password test123
2023-12-19 20:12:483 INFO  LoginPage :55 - Clicking on login button [[ChromeDriver: chrome on windows (15b39e25d51a20dfd9e8b093db0fa265)] -> xpath: //button[@type='submit']]
2023-12-19 20:12:289 INFO  LoginPage :45 - Enter the user name [[ChromeDriver: chrome on windows (953480a8b81552725e57c5db62992abf)] -> name: username]
2023-12-19 20:12:439 INFO  LoginPage :50 - Enter the password admin123
2023-12-19 20:12:556 INFO  LoginPage :55 - Clicking on login button [[ChromeDriver: chrome on windows (953480a8b81552725e57c5db62992abf)] -> xpath: //button[@type='submit']]
2023-12-19 20:12:734 INFO  AdminPage :33 - Clicking on admin [[ChromeDriver: chrome on windows (953480a8b81552725e57c5db62992abf)] -> xpath: //body/div[@id='app']/div[1]/div[1]/aside[1]/nav[1]/div[2]/ul[1]/li[1]/a[1]/span[1]]
2023-12-19 20:12:21 INFO  AdminPage :38 - Clicking on add button [[ChromeDriver: chrome on windows (953480a8b81552725e57c5db62992abf)] -> xpath: //button[normalize-space()='Add']]
2023-12-19 20:12:70 INFO  AddUserPage :91 - Enter the employee name [[ChromeDriver: chrome on windows (953480a8b81552725e57c5db62992abf)] -> xpath: //input[@placeholder='Type for hints...']]
2023-12-19 20:12:234 INFO  AddUserPage :100 - Enter the user name [[ChromeDriver: chrome on windows (953480a8b81552725e57c5db62992abf)] -> xpath: //input[@class='oxd-input oxd-input--focus']]
2023-12-19 20:12:16 INFO  LoginPage :45 - Enter the user name [[ChromeDriver: chrome on windows (e2ee9507fac67c456495fba92acfa0a8)] -> name: username]
2023-12-19 20:12:154 INFO  LoginPage :50 - Enter the password admin123
2023-12-19 20:12:161 INFO  LoginPage :55 - Clicking on login button [[ChromeDriver: chrome on windows (e2ee9507fac67c456495fba92acfa0a8)] -> xpath: //button[@type='submit']]
2023-12-19 20:12:550 INFO  AdminPage :33 - Clicking on admin [[ChromeDriver: chrome on windows (e2ee9507fac67c456495fba92acfa0a8)] -> xpath: //body/div[@id='app']/div[1]/div[1]/aside[1]/nav[1]/div[2]/ul[1]/li[1]/a[1]/span[1]]
2023-12-19 20:12:265 INFO  ViewSystemUsersPage :101 - Enter the user name [[ChromeDriver: chrome on windows (e2ee9507fac67c456495fba92acfa0a8)] -> xpath: //div[@class='oxd-input-group oxd-input-field-bottom-space']//div//input[@class='oxd-input oxd-input--active']]
2023-12-19 20:12:359 INFO  ViewSystemUsersPage :147 - Enter the search [[ChromeDriver: chrome on windows (e2ee9507fac67c456495fba92acfa0a8)] -> xpath: //button[normalize-space()='Search']]
2023-12-19 20:12:664 INFO  LoginPage :45 - Enter the user name [[ChromeDriver: chrome on windows (a2d17c11325115835ff4a7ecb050663f)] -> name: username]
2023-12-19 20:12:794 INFO  LoginPage :50 - Enter the password admin123
2023-12-19 20:12:762 INFO  LoginPage :55 - Clicking on login button [[ChromeDriver: chrome on windows (a2d17c11325115835ff4a7ecb050663f)] -> xpath: //button[@type='submit']]
2023-12-19 20:12:961 INFO  AdminPage :33 - Clicking on admin [[ChromeDriver: chrome on windows (a2d17c11325115835ff4a7ecb050663f)] -> xpath: //body/div[@id='app']/div[1]/div[1]/aside[1]/nav[1]/div[2]/ul[1]/li[1]/a[1]/span[1]]
2023-12-19 20:12:766 INFO  ViewSystemUsersPage :101 - Enter the user name [[ChromeDriver: chrome on windows (a2d17c11325115835ff4a7ecb050663f)] -> xpath: //div[@class='oxd-input-group oxd-input-field-bottom-space']//div//input[@class='oxd-input oxd-input--active']]
2023-12-19 20:12:881 INFO  ViewSystemUsersPage :147 - Enter the search [[ChromeDriver: chrome on windows (a2d17c11325115835ff4a7ecb050663f)] -> xpath: //button[normalize-space()='Search']]
2023-12-19 20:12:696 INFO  LoginPage :45 - Enter the user name [[ChromeDriver: chrome on windows (f8e6f4560d9874553e1b14e5c5c1ac4c)] -> name: username]
2023-12-19 20:12:879 INFO  LoginPage :50 - Enter the password admin123
2023-12-19 20:12:861 INFO  LoginPage :55 - Clicking on login button [[ChromeDriver: chrome on windows (f8e6f4560d9874553e1b14e5c5c1ac4c)] -> xpath: //button[@type='submit']]
2023-12-19 20:12:524 INFO  AdminPage :33 - Clicking on admin [[ChromeDriver: chrome on windows (f8e6f4560d9874553e1b14e5c5c1ac4c)] -> xpath: //body/div[@id='app']/div[1]/div[1]/aside[1]/nav[1]/div[2]/ul[1]/li[1]/a[1]/span[1]]
2023-12-19 20:12:26 INFO  ViewSystemUsersPage :101 - Enter the user name [[ChromeDriver: chrome on windows (f8e6f4560d9874553e1b14e5c5c1ac4c)] -> xpath: //div[@class='oxd-input-group oxd-input-field-bottom-space']//div//input[@class='oxd-input oxd-input--active']]
2023-12-19 20:12:443 INFO  ViewSystemUsersPage :147 - Enter the search [[ChromeDriver: chrome on windows (f8e6f4560d9874553e1b14e5c5c1ac4c)] -> xpath: //button[normalize-space()='Search']]
2023-12-19 20:12:767 INFO  ViewSystemUsersPage :172 - Clicking on reset button [[ChromeDriver: chrome on windows (f8e6f4560d9874553e1b14e5c5c1ac4c)] -> xpath: //button[normalize-space()='Reset']]
2023-12-19 20:12:779 INFO  LoginPage :45 - Enter the user name [[ChromeDriver: chrome on windows (af1b90e7b26bc39ed81d2d21eae11f93)] -> name: username]
2023-12-19 20:12:01 INFO  LoginPage :50 - Enter the password admin123
2023-12-19 20:12:105 INFO  LoginPage :55 - Clicking on login button [[ChromeDriver: chrome on windows (af1b90e7b26bc39ed81d2d21eae11f93)] -> xpath: //button[@type='submit']]
2023-12-19 20:12:552 INFO  AdminPage :33 - Clicking on admin [[ChromeDriver: chrome on windows (af1b90e7b26bc39ed81d2d21eae11f93)] -> xpath: //body/div[@id='app']/div[1]/div[1]/aside[1]/nav[1]/div[2]/ul[1]/li[1]/a[1]/span[1]]
2023-12-19 20:12:84 INFO  ViewSystemUsersPage :101 - Enter the user name [[ChromeDriver: chrome on windows (af1b90e7b26bc39ed81d2d21eae11f93)] -> xpath: //div[@class='oxd-input-group oxd-input-field-bottom-space']//div//input[@class='oxd-input oxd-input--active']]
2023-12-19 20:12:445 INFO  ViewSystemUsersPage :147 - Enter the search [[ChromeDriver: chrome on windows (af1b90e7b26bc39ed81d2d21eae11f93)] -> xpath: //button[normalize-space()='Search']]
2023-12-19 20:12:640 INFO  LoginPage :45 - Enter the user name [[ChromeDriver: chrome on windows (c6f7d878a6a220373d1d15d90b3c5d8b)] -> name: username]
2023-12-19 20:12:822 INFO  LoginPage :50 - Enter the password admin123
2023-12-19 20:12:862 INFO  LoginPage :55 - Clicking on login button [[ChromeDriver: chrome on windows (c6f7d878a6a220373d1d15d90b3c5d8b)] -> xpath: //button[@type='submit']]
2023-12-19 20:12:485 INFO  AdminPage :33 - Clicking on admin [[ChromeDriver: chrome on windows (c6f7d878a6a220373d1d15d90b3c5d8b)] -> xpath: //body/div[@id='app']/div[1]/div[1]/aside[1]/nav[1]/div[2]/ul[1]/li[1]/a[1]/span[1]]
2023-12-19 20:12:473 INFO  ViewSystemUsersPage :101 - Enter the user name [[ChromeDriver: chrome on windows (c6f7d878a6a220373d1d15d90b3c5d8b)] -> xpath: //div[@class='oxd-input-group oxd-input-field-bottom-space']//div//input[@class='oxd-input oxd-input--active']]
2023-12-19 20:12:701 INFO  ViewSystemUsersPage :147 - Enter the search [[ChromeDriver: chrome on windows (c6f7d878a6a220373d1d15d90b3c5d8b)] -> xpath: //button[normalize-space()='Search']]
2023-12-19 20:12:696 INFO  LoginPage :45 - Enter the user name [[ChromeDriver: chrome on windows (e56bf3c2fa3c28e3ee3d7bb7fda1f12f)] -> name: username]
2023-12-19 20:12:835 INFO  LoginPage :50 - Enter the password admin123
2023-12-19 20:12:903 INFO  LoginPage :55 - Clicking on login button [[ChromeDriver: chrome on windows (e56bf3c2fa3c28e3ee3d7bb7fda1f12f)] -> xpath: //button[@type='submit']]
2023-12-19 20:12:468 INFO  AdminPage :33 - Clicking on admin [[ChromeDriver: chrome on windows (e56bf3c2fa3c28e3ee3d7bb7fda1f12f)] -> xpath: //body/div[@id='app']/div[1]/div[1]/aside[1]/nav[1]/div[2]/ul[1]/li[1]/a[1]/span[1]]
2023-12-19 20:12:268 INFO  ViewSystemUsersPage :101 - Enter the user name [[ChromeDriver: chrome on windows (e56bf3c2fa3c28e3ee3d7bb7fda1f12f)] -> xpath: //div[@class='oxd-input-group oxd-input-field-bottom-space']//div//input[@class='oxd-input oxd-input--active']]
2023-12-19 20:12:551 INFO  ViewSystemUsersPage :147 - Enter the search [[ChromeDriver: chrome on windows (e56bf3c2fa3c28e3ee3d7bb7fda1f12f)] -> xpath: //button[normalize-space()='Search']]
2023-12-19 20:12:629 INFO  LoginPage :45 - Enter the user name [[ChromeDriver: chrome on windows (516cd0acbf73675f769bd47a19635f3e)] -> name: username]
2023-12-19 20:12:768 INFO  LoginPage :50 - Enter the password admin123
2023-12-19 20:12:752 INFO  LoginPage :55 - Clicking on login button [[ChromeDriver: chrome on windows (516cd0acbf73675f769bd47a19635f3e)] -> xpath: //button[@type='submit']]
2023-12-19 20:12:952 INFO  LoginPage :45 - Enter the user name [[ChromeDriver: chrome on windows (6b9efb2e8d1758f498ec02b6ad0897c5)] -> name: username]
2023-12-19 20:12:210 INFO  LoginPage :50 - Enter the password admin123
2023-12-19 20:12:137 INFO  LoginPage :55 - Clicking on login button [[ChromeDriver: chrome on windows (6b9efb2e8d1758f498ec02b6ad0897c5)] -> xpath: //button[@type='submit']]
2023-12-19 20:12:579 INFO  LoginPage :45 - Enter the user name [[ChromeDriver: chrome on windows (ef418a096160a1d92673a4fc2372d298)] -> name: username]
2023-12-19 20:12:755 INFO  LoginPage :50 - Enter the password admin123
2023-12-19 20:12:737 INFO  LoginPage :55 - Clicking on login button [[ChromeDriver: chrome on windows (ef418a096160a1d92673a4fc2372d298)] -> xpath: //button[@type='submit']]
2023-12-19 20:12:171 INFO  HomePage :43 - Clicking on user profile [[ChromeDriver: chrome on windows (ef418a096160a1d92673a4fc2372d298)] -> xpath: //p[@class='oxd-userdropdown-name']]
2023-12-19 20:12:125 INFO  HomePage :48 - Clicking on logout button [[ChromeDriver: chrome on windows (ef418a096160a1d92673a4fc2372d298)] -> xpath: //a[normalize-space()='Logout']]
2023-12-19 20:12:424 INFO  HomePage :33 - Verifying login text [[ChromeDriver: chrome on windows (ef418a096160a1d92673a4fc2372d298)] -> xpath: //h5[@class='oxd-text oxd-text--h5 orangehrm-login-title']]
2023-12-19 20:12:354 INFO  LoginPage :45 - Enter the user name [[ChromeDriver: chrome on windows (49020df3faa5420683215b5ab21a9f35)] -> name: username]
2023-12-19 20:12:502 INFO  LoginPage :50 - Enter the password 
2023-12-19 20:12:604 INFO  LoginPage :55 - Clicking on login button [[ChromeDriver: chrome on windows (49020df3faa5420683215b5ab21a9f35)] -> xpath: //button[@type='submit']]
2023-12-19 20:12:622 INFO  LoginPage :45 - Enter the user name [[ChromeDriver: chrome on windows (a53f7e7b8528b2396f5a161f05e17891)] -> name: username]
2023-12-19 20:12:884 INFO  LoginPage :50 - Enter the password 
2023-12-19 20:12:00 INFO  LoginPage :55 - Clicking on login button [[ChromeDriver: chrome on windows (a53f7e7b8528b2396f5a161f05e17891)] -> xpath: //button[@type='submit']]
2023-12-19 20:12:361 INFO  LoginPage :45 - Enter the user name [[ChromeDriver: chrome on windows (cecdaf2fbabc143654c2486238cf0e75)] -> name: username]
2023-12-19 20:12:749 INFO  LoginPage :50 - Enter the password test123
2023-12-19 20:12:847 INFO  LoginPage :55 - Clicking on login button [[ChromeDriver: chrome on windows (cecdaf2fbabc143654c2486238cf0e75)] -> xpath: //button[@type='submit']]
2023-12-19 20:12:552 INFO  LoginPage :45 - Enter the user name [[ChromeDriver: chrome on windows (51eb38a0978b71531630659bd3852adc)] -> name: username]
2023-12-19 20:12:970 INFO  LoginPage :50 - Enter the password test123
2023-12-19 20:12:55 INFO  LoginPage :55 - Clicking on login button [[ChromeDriver: chrome on windows (51eb38a0978b71531630659bd3852adc)] -> xpath: //button[@type='submit']]
2023-12-19 20:12:900 INFO  LoginPage :45 - Enter the user name [[ChromeDriver: chrome on windows (5aa677ca050cd06d8a590a81fed44083)] -> name: username]
2023-12-19 20:12:61 INFO  LoginPage :50 - Enter the password admin123
2023-12-19 20:12:09 INFO  LoginPage :55 - Clicking on login button [[ChromeDriver: chrome on windows (5aa677ca050cd06d8a590a81fed44083)] -> xpath: //button[@type='submit']]
2023-12-19 20:12:743 INFO  AdminPage :33 - Clicking on admin [[ChromeDriver: chrome on windows (5aa677ca050cd06d8a590a81fed44083)] -> xpath: //body/div[@id='app']/div[1]/div[1]/aside[1]/nav[1]/div[2]/ul[1]/li[1]/a[1]/span[1]]
2023-12-19 20:12:825 INFO  AdminPage :38 - Clicking on add button [[ChromeDriver: chrome on windows (5aa677ca050cd06d8a590a81fed44083)] -> xpath: //button[normalize-space()='Add']]
2023-12-19 20:12:674 INFO  AddUserPage :91 - Enter the employee name [[ChromeDriver: chrome on windows (5aa677ca050cd06d8a590a81fed44083)] -> xpath: //input[@placeholder='Type for hints...']]
2023-12-19 20:12:823 INFO  AddUserPage :100 - Enter the user name [[ChromeDriver: chrome on windows (5aa677ca050cd06d8a590a81fed44083)] -> xpath: //input[@class='oxd-input oxd-input--focus']]
2023-12-19 20:12:356 INFO  LoginPage :45 - Enter the user name [[ChromeDriver: chrome on windows (3f39ee7dd6def9b7ea0868b6293c008e)] -> name: username]
2023-12-19 20:12:554 INFO  LoginPage :50 - Enter the password admin123
2023-12-19 20:12:495 INFO  LoginPage :55 - Clicking on login button [[ChromeDriver: chrome on windows (3f39ee7dd6def9b7ea0868b6293c008e)] -> xpath: //button[@type='submit']]
2023-12-19 20:12:104 INFO  AdminPage :33 - Clicking on admin [[ChromeDriver: chrome on windows (3f39ee7dd6def9b7ea0868b6293c008e)] -> xpath: //body/div[@id='app']/div[1]/div[1]/aside[1]/nav[1]/div[2]/ul[1]/li[1]/a[1]/span[1]]
2023-12-19 20:12:754 INFO  ViewSystemUsersPage :101 - Enter the user name [[ChromeDriver: chrome on windows (3f39ee7dd6def9b7ea0868b6293c008e)] -> xpath: //div[@class='oxd-input-group oxd-input-field-bottom-space']//div//input[@class='oxd-input oxd-input--active']]
2023-12-19 20:12:875 INFO  ViewSystemUsersPage :147 - Enter the search [[ChromeDriver: chrome on windows (3f39ee7dd6def9b7ea0868b6293c008e)] -> xpath: //button[normalize-space()='Search']]
2023-12-19 20:12:55 INFO  LoginPage :45 - Enter the user name [[ChromeDriver: chrome on windows (d32c929df7225f8b2cdac98c1c5fa405)] -> name: username]
2023-12-19 20:12:494 INFO  LoginPage :50 - Enter the password admin123
2023-12-19 20:12:586 INFO  LoginPage :55 - Clicking on login button [[ChromeDriver: chrome on windows (d32c929df7225f8b2cdac98c1c5fa405)] -> xpath: //button[@type='submit']]
2023-12-19 20:12:49 INFO  AdminPage :33 - Clicking on admin [[ChromeDriver: chrome on windows (d32c929df7225f8b2cdac98c1c5fa405)] -> xpath: //body/div[@id='app']/div[1]/div[1]/aside[1]/nav[1]/div[2]/ul[1]/li[1]/a[1]/span[1]]
2023-12-19 20:12:670 INFO  ViewSystemUsersPage :101 - Enter the user name [[ChromeDriver: chrome on windows (d32c929df7225f8b2cdac98c1c5fa405)] -> xpath: //div[@class='oxd-input-group oxd-input-field-bottom-space']//div//input[@class='oxd-input oxd-input--active']]
2023-12-19 20:12:775 INFO  ViewSystemUsersPage :147 - Enter the search [[ChromeDriver: chrome on windows (d32c929df7225f8b2cdac98c1c5fa405)] -> xpath: //button[normalize-space()='Search']]
2023-12-19 20:12:212 INFO  LoginPage :45 - Enter the user name [[ChromeDriver: chrome on windows (2e64bd980c3e9fe6b393c58f355870df)] -> name: username]
2023-12-19 20:12:416 INFO  LoginPage :50 - Enter the password admin123
2023-12-19 20:12:410 INFO  LoginPage :55 - Clicking on login button [[ChromeDriver: chrome on windows (2e64bd980c3e9fe6b393c58f355870df)] -> xpath: //button[@type='submit']]
2023-12-19 20:12:798 INFO  AdminPage :33 - Clicking on admin [[ChromeDriver: chrome on windows (2e64bd980c3e9fe6b393c58f355870df)] -> xpath: //body/div[@id='app']/div[1]/div[1]/aside[1]/nav[1]/div[2]/ul[1]/li[1]/a[1]/span[1]]
2023-12-19 20:12:441 INFO  ViewSystemUsersPage :101 - Enter the user name [[ChromeDriver: chrome on windows (2e64bd980c3e9fe6b393c58f355870df)] -> xpath: //div[@class='oxd-input-group oxd-input-field-bottom-space']//div//input[@class='oxd-input oxd-input--active']]
2023-12-19 20:12:880 INFO  ViewSystemUsersPage :147 - Enter the search [[ChromeDriver: chrome on windows (2e64bd980c3e9fe6b393c58f355870df)] -> xpath: //button[normalize-space()='Search']]
2023-12-19 20:12:212 INFO  ViewSystemUsersPage :172 - Clicking on reset button [[ChromeDriver: chrome on windows (2e64bd980c3e9fe6b393c58f355870df)] -> xpath: //button[normalize-space()='Reset']]
2023-12-19 20:12:910 INFO  LoginPage :45 - Enter the user name [[ChromeDriver: chrome on windows (68251022d9eeb292e4fdad45a50ee8e6)] -> name: username]
2023-12-19 20:12:82 INFO  LoginPage :50 - Enter the password admin123
2023-12-19 20:12:78 INFO  LoginPage :55 - Clicking on login button [[ChromeDriver: chrome on windows (68251022d9eeb292e4fdad45a50ee8e6)] -> xpath: //button[@type='submit']]
2023-12-19 20:12:532 INFO  AdminPage :33 - Clicking on admin [[ChromeDriver: chrome on windows (68251022d9eeb292e4fdad45a50ee8e6)] -> xpath: //body/div[@id='app']/div[1]/div[1]/aside[1]/nav[1]/div[2]/ul[1]/li[1]/a[1]/span[1]]
2023-12-19 20:12:172 INFO  ViewSystemUsersPage :101 - Enter the user name [[ChromeDriver: chrome on windows (68251022d9eeb292e4fdad45a50ee8e6)] -> xpath: //div[@class='oxd-input-group oxd-input-field-bottom-space']//div//input[@class='oxd-input oxd-input--active']]
2023-12-19 20:12:535 INFO  ViewSystemUsersPage :147 - Enter the search [[ChromeDriver: chrome on windows (68251022d9eeb292e4fdad45a50ee8e6)] -> xpath: //button[normalize-space()='Search']]
2023-12-19 20:12:925 INFO  LoginPage :45 - Enter the user name [[ChromeDriver: chrome on windows (9a0916525bc4e1a9eb0df2889490b5cc)] -> name: username]
2023-12-19 20:12:197 INFO  LoginPage :50 - Enter the password admin123
2023-12-19 20:12:303 INFO  LoginPage :55 - Clicking on login button [[ChromeDriver: chrome on windows (9a0916525bc4e1a9eb0df2889490b5cc)] -> xpath: //button[@type='submit']]
2023-12-19 20:12:133 INFO  AdminPage :33 - Clicking on admin [[ChromeDriver: chrome on windows (9a0916525bc4e1a9eb0df2889490b5cc)] -> xpath: //body/div[@id='app']/div[1]/div[1]/aside[1]/nav[1]/div[2]/ul[1]/li[1]/a[1]/span[1]]
2023-12-19 20:12:877 INFO  ViewSystemUsersPage :101 - Enter the user name [[ChromeDriver: chrome on windows (9a0916525bc4e1a9eb0df2889490b5cc)] -> xpath: //div[@class='oxd-input-group oxd-input-field-bottom-space']//div//input[@class='oxd-input oxd-input--active']]
2023-12-19 20:12:55 INFO  ViewSystemUsersPage :147 - Enter the search [[ChromeDriver: chrome on windows (9a0916525bc4e1a9eb0df2889490b5cc)] -> xpath: //button[normalize-space()='Search']]
2023-12-19 20:12:106 INFO  LoginPage :45 - Enter the user name [[ChromeDriver: chrome on windows (9f809a0a912415f7b6b0f86d3bf19540)] -> name: username]
2023-12-19 20:12:283 INFO  LoginPage :50 - Enter the password admin123
2023-12-19 20:12:406 INFO  LoginPage :55 - Clicking on login button [[ChromeDriver: chrome on windows (9f809a0a912415f7b6b0f86d3bf19540)] -> xpath: //button[@type='submit']]
2023-12-19 20:12:738 INFO  AdminPage :33 - Clicking on admin [[ChromeDriver: chrome on windows (9f809a0a912415f7b6b0f86d3bf19540)] -> xpath: //body/div[@id='app']/div[1]/div[1]/aside[1]/nav[1]/div[2]/ul[1]/li[1]/a[1]/span[1]]
2023-12-19 20:12:657 INFO  ViewSystemUsersPage :101 - Enter the user name [[ChromeDriver: chrome on windows (9f809a0a912415f7b6b0f86d3bf19540)] -> xpath: //div[@class='oxd-input-group oxd-input-field-bottom-space']//div//input[@class='oxd-input oxd-input--active']]
2023-12-19 20:12:866 INFO  ViewSystemUsersPage :147 - Enter the search [[ChromeDriver: chrome on windows (9f809a0a912415f7b6b0f86d3bf19540)] -> xpath: //button[normalize-space()='Search']]
